0: WhatsApp-Image-2020-04-06-at-12.52.49-PM-_2_
image_size:	900x1600
#sift count:	3004

1: WhatsApp-Image-2020-04-06-at-12.52.49-PM
image_size:	900x1600
#sift count:	6301

2: WhatsApp Image 2020-04-06 at 12.52.49 PM
image_size:	900x1600
#sift count:	6452

3: WhatsApp Image 2020-04-06 at 12.52.49 PM (2)
image_size:	900x1600
#sift count:	3199

4: WhatsApp Image 2020-04-06 at 12.52.49 PM (1)
image_size:	900x1600
#sift count:	4923

5: WhatsApp Image 2020-04-06 at 12.52.48 PM
image_size:	900x1600
#sift count:	4043

6: WhatsApp Image 2020-04-06 at 12.52.48 PM (1)
image_size:	900x1600
#sift count:	4550

Loading image pixel data ...done in 0s

Compute Missing Pairwise Matching, begin...
9 pairs to compute match
NOTE: using 2 matching workers
0000 and 0001: 30 matches, 0.17sec, #1
0000 and 0001: [9/30], H[0], 0.04sec
0001 and 0002: 5546 matches, 0.89sec, #0
0001 and 0002: [5545/5546], H[5544], 0.00sec
0000 and 0002: 30 matches, 0.12sec, #1
0000 and 0002: [10/30], H[0], 0.04sec
0000 and 0003: 2636 matches, 0.21sec, #0
0000 and 0003: [2635/2636], H[2632], 0.00sec
0001 and 0004: 16 matches, 0.13sec, #1
0001 and 0005: 33 matches, 0.15sec, #1
0001 and 0003: 43 matches, 0.26sec, #0
0001 and 0005: [10/33], H[0], 0.04sec
0001 and 0003: [10/43], H[0], 0.05sec
0001 and 0006: 38 matches, 0.10sec, #1
0001 and 0006: [10/38], H[0], 0.04sec
0000 and 0004: 33 matches, 0.21sec, #0
0000 and 0004: [10/33], H[0], 0.05sec

###########-------timing------#########
9 Image Match finished, 2 sec used
#############################

----------------------------------------------------------------
Compute Missing Pairwise Matching, finished
Totally 2.000 seconds used


Run full 3D reconstruction, begin...
1 pairs have two-view models
18 pairs have fundamental matrices
Failed to find two images for initialization
----------------------------------------------------------------
Run full 3D reconstruction, finished
Totally 0.000 seconds used


Run full 3D reconstruction, begin...
1 pairs have two-view models
18 pairs have fundamental matrices
Failed to find two images for initialization
----------------------------------------------------------------
Run full 3D reconstruction, finished
Totally 0.000 seconds used


Compute remaining photos, begin...
PBA library version = 105
Failed to find two images for initialization
NOTE: 1 small models are deleted
Resuming SfM finished, 2 sec used

---------------------------------------------------
1 model(s) reconstructed from 7 images;
0 modeled; 0 reused; 0 EXIF; 
0MB(0) used to store feature location.
---------------------------------------------------
----------------------------------------------------------------
Compute remaining photos, finished
Totally 2.000 seconds used

0: WhatsApp-Image-2020-04-06-at-12.36.35-PM-_2_
image_size:	900x1600
#sift count:	10018

1: WhatsApp-Image-2020-04-06-at-12.36.35-PM-_1_
image_size:	900x1600
#sift count:	5785

2: WhatsApp-Image-2020-04-06-at-12.36.35-PM
image_size:	900x1600
#sift count:	8926

3: WhatsApp-Image-2020-04-06-at-12.36.34-PM-_2_
image_size:	900x1600
#sift count:	10091

4: WhatsApp-Image-2020-04-06-at-12.36.34-PM-_1_
image_size:	900x1600
#sift count:	7911

5: WhatsApp-Image-2020-04-06-at-12.36.34-PM
image_size:	900x1600
#sift count:	4785

Loading image pixel data ...done in 0s
0: WhatsApp-Image-2020-04-06-at-12.36.35-PM-_2_
image_size:	900x1600
#sift count:	10018

1: WhatsApp-Image-2020-04-06-at-12.36.35-PM-_1_
image_size:	900x1600
#sift count:	5785

2: WhatsApp-Image-2020-04-06-at-12.36.35-PM
image_size:	900x1600
#sift count:	8926

3: WhatsApp-Image-2020-04-06-at-12.36.34-PM-_2_
image_size:	900x1600
#sift count:	10091

4: WhatsApp-Image-2020-04-06-at-12.36.34-PM-_1_
image_size:	900x1600
#sift count:	7911

5: WhatsApp-Image-2020-04-06-at-12.36.34-PM
image_size:	900x1600
#sift count:	4785

Loading image pixel data ...done in 0s

Compute Missing Pairwise Matching, begin...
4 pairs to compute match
NOTE: using 2 matching workers
