0: 4 - Copy - Copy
image_size:	900x1600
#sift count:	4645

1: 4 - Copy
image_size:	900x1600
#sift count:	4645

2: 4
image_size:	900x1600
#sift count:	4645

3: 6 - Copy - Copy
image_size:	900x1600
#sift count:	5685

4: 6 - Copy
image_size:	900x1600
#sift count:	5685

5: 6
image_size:	900x1600
#sift count:	5685

6: 8 - Copy - Copy
image_size:	900x1600
#sift count:	5978

7: 8 - Copy
image_size:	900x1600
#sift count:	5978

8: 8
image_size:	900x1600
#sift count:	5978

9: 10 - Copy - Copy
image_size:	900x1600
#sift count:	5740

10: 10 - Copy
image_size:	900x1600
#sift count:	5740

11: 10
image_size:	900x1600
#sift count:	5740

12: 12 - Copy - Copy
image_size:	900x1600
#sift count:	5854

13: 12 - Copy
image_size:	900x1600
#sift count:	5854

14: 12
image_size:	900x1600
#sift count:	5854

15: 14 - Copy - Copy
image_size:	900x1600
#sift count:	5191

16: 14 - Copy
image_size:	900x1600
#sift count:	5191

17: 14
image_size:	900x1600
#sift count:	5191

18: 16 - Copy - Copy
image_size:	900x1600
#sift count:	2171

19: 16 - Copy
image_size:	900x1600
#sift count:	2171

20: 16
image_size:	900x1600
#sift count:	2171

21: 18 - Copy - Copy
image_size:	900x1600
#sift count:	2028

22: 18 - Copy
image_size:	900x1600
#sift count:	2028

23: 18
image_size:	900x1600
#sift count:	2028

24: 20 - Copy - Copy
image_size:	900x1600
#sift count:	2367

25: 20 - Copy
image_size:	900x1600
#sift count:	2367

26: 20
image_size:	900x1600
#sift count:	2367

27: 22 - Copy - Copy
image_size:	900x1600
#sift count:	6479

28: 22 - Copy
image_size:	900x1600
#sift count:	6479

29: 22
image_size:	900x1600
#sift count:	6479

30: 24 - Copy - Copy
image_size:	900x1600
#sift count:	6004

31: 24 - Copy
image_size:	900x1600
#sift count:	6004

32: 24
image_size:	900x1600
#sift count:	6004

33: 26 - Copy - Copy
image_size:	900x1600
#sift count:	6931

34: 26 - Copy
image_size:	900x1600
#sift count:	6931

35: 26
image_size:	900x1600
#sift count:	6931

36: 27 - Copy - Copy
image_size:	900x1600
#sift count:	4394

37: 27 - Copy (2)
image_size:	900x1600
#sift count:	4394

38: 27 - Copy
image_size:	900x1600
#sift count:	4394

39: 27
image_size:	900x1600
#sift count:	4394

40: 30 - Copy - Copy
image_size:	900x1600
#sift count:	5068

41: 30 - Copy
image_size:	900x1600
#sift count:	5068

42: 30
image_size:	900x1600
#sift count:	5068

43: 31 - Copy - Copy
image_size:	900x1600
#sift count:	6540

44: 31 - Copy (2)
image_size:	900x1600
#sift count:	6540

45: 31 - Copy
image_size:	900x1600
#sift count:	6540

46: 31
image_size:	900x1600
#sift count:	6540

47: 33 - Copy - Copy
image_size:	900x1600
#sift count:	4036

48: 33 - Copy
image_size:	900x1600
#sift count:	4036

49: 33
image_size:	900x1600
#sift count:	4036

50: 35 - Copy - Copy
image_size:	900x1600
#sift count:	5270

51: 35 - Copy (2)
image_size:	900x1600
#sift count:	5270

52: 35 - Copy
image_size:	900x1600
#sift count:	5270

53: 35
image_size:	900x1600
#sift count:	5270

54: 37 - Copy - Copy
image_size:	900x1600
#sift count:	5489

55: 37 - Copy
image_size:	900x1600
#sift count:	5489

56: 37
image_size:	900x1600
#sift count:	5489

57: 39
image_size:	900x1600
#sift count:	5597

58: 41
image_size:	900x1600
#sift count:	5561

59: 43
image_size:	900x1600
#sift count:	5663

60: 45
image_size:	900x1600
#sift count:	5445

61: 47
image_size:	900x1600
#sift count:	4793

62: 49
image_size:	900x1600
#sift count:	3527

63: 51
image_size:	900x1600
#sift count:	6276

64: 53
image_size:	900x1600
#sift count:	3078

65: 55
image_size:	900x1600
#sift count:	7881

66: 57
image_size:	900x1600
#sift count:	8963

67: 59
image_size:	900x1600
#sift count:	7889

**************************************
Change the number of pixel-loaded images by 
modifying param_visual_data_budget in nv.ini
Use the PAUSE button to skip the pixel loading
**************************************
Loading image pixel data ...done in 2s

Compute Missing Pairwise Matching, begin...
0 pairs to compute match
----------------------------------------------------------------
Compute Missing Pairwise Matching, finished
Totally 0.000 seconds used


Run full 3D reconstruction, begin...
1615 pairs have two-view models
2252 pairs have fundamental matrices
Initialize with 22 and 24 - Copy
Failed to initialize with the chosen pair
Initialize with 22 .. Copy and 24 .. Copy
Failed to initialize with the chosen pair
Initialize with 26 - Copy and 27
1211 3D points initialized from two images
PBA library version = 105
PBA: 1211 3D pts, 2 cams and 2422 projs...
PBA: 0.078 -> 0.067 (3 LMs in 0.16sec)
Focal Length : [1920.000]->[1919.307]
Focal Length : [1920.000]->[1920.395]

#############################
#3: [26 .. Copy] sees 2349 (+5710) 3D points
Estimated Focal Length [1916][1.20N]
# 1295 projs (42 pts and 0 merges)
PBA: 1253 3D pts, 3 cams and 3717 projs...
PBA: 0.107 -> 0.067 (1 LMs in 0.01sec)

**************************************
#3/3:  1337 projs and 42 pts added.
PBA: 1253 3D pts, 3 cams and 3759 projs...
PBA: 0.083 -> 0.076 (2 LMs in 0.05sec)
PBA: 1253 3D pts, 3 cams and 3759 projs...
PBA: 0.076 -> 0.073 (3 LMs in 0.02sec)
Focal Length : [1915.664]->[1912.571]
Radial Distortion : [-0.008 -> -2]

#############################
#4: [26] sees 3752 (+5668) 3D points
Estimated Focal Length [1901][1.19N]
# 1319 projs (22 pts and 0 merges)
PBA: 1275 3D pts, 4 cams and 5078 projs...
PBA: 0.112 -> 0.105 (3 LMs in 0.05sec)
Focal Length : [1901.097]->[1900.732]
Radial Distortion : [0.000 -> 0]

#############################
#5: [27 ..y (2)] sees 4859 (+3126) 3D points
Estimated Focal Length [1693][1.06N]
# 1276 projs (1 pts and 1 merges)
PBA: 1275 3D pts, 5 cams and 6354 projs...
PBA: 0.211 -> 0.140 (1 LMs in 0.01sec)

**************************************
#5/5:  1297 projs and 1 pts added.
PBA: 1275 3D pts, 5 cams and 6375 projs...
PBA: 0.137 -> 0.133 (1 LMs in 0.04sec)
PBA: 1275 3D pts, 5 cams and 6375 projs...
PBA: 0.133 -> 0.130 (4 LMs in 0.04sec)
Focal Length : [1692.768]->[1710.661]
Radial Distortion : [-0.035 -> -7]

#############################
#6: [27 .. Copy] sees 6011 (+3109) 3D points
Estimated Focal Length [1885][1.18N]
# 1291 projs (4 pts and 0 merges)
PBA: 1279 3D pts, 6 cams and 7666 projs...
PBA: 0.157 -> 0.142 (4 LMs in 0.03sec)
Focal Length : [1885.147]->[1885.250]
Radial Distortion : [-0.009 -> -2]

#############################
#7: [27 - Copy] sees 7398 (+3105) 3D points
Estimated Focal Length [2031][1.27N]
# 1282 projs (1 pts and 0 merges)
PBA: 1280 3D pts, 7 cams and 8948 projs...
PBA: 0.168 -> 0.130 (1 LMs in 0.01sec)

**************************************
#7/7:  1283 projs and 1 pts added.
PBA: 1280 3D pts, 7 cams and 8949 projs...
PBA: 0.130 -> 0.114 (1 LMs in 0.04sec)
PBA: 1280 3D pts, 7 cams and 8949 projs...
PBA: 0.114 -> 0.108 (1 LMs in 0.04sec)
Focal Length : [2031.330]->[2020.943]
Radial Distortion : [-0.152 -> -20]

#############################
#8: [24] sees 6078 (+1393) 3D points
Estimated Focal Length [1911][1.19N]
# 3900 projs (613 pts and 0 merges)
PBA: 1893 3D pts, 8 cams and 12849 projs...
PBA: 0.736 -> 0.231 (9 LMs in 0.14sec)
#unstable points removed:	1
Focal Length : [1910.954]->[1987.405]
Radial Distortion : [-0.115 -> -15]

#############################
+9: [24 - Copy] sees 9751 (+4374) 3D points
Estimated Focal Length [1997][1.25N]
# 1830 projs (50 pts and 34 merges)
PBA: 1895 3D pts, 9 cams and 14649 projs...
PBA: 0.783 -> 0.284 (59 LMs in 0.42sec)

**************************************
#9/9:  2109 projs and 51 pts added.
PBA: 1896 3D pts, 9 cams and 14928 projs...
PBA: 0.814 -> 0.389 (24 LMs in 0.23sec)
#points w/ large errors:	1
PBA: 1895 3D pts, 9 cams and 14921 projs...
PBA: 0.382 -> 0.380 (14 LMs in 0.17sec)
Focal Length : [1996.896]->[2098.273]
Radial Distortion : [-0.194 -> -23]

#############################
+10: [24 .. Copy] sees 11689 (+4370) 3D points
Estimated Focal Length [2144][1.34N]
# 1697 projs (0 pts and 0 merges)
PBA: 1895 3D pts, 10 cams and 16618 projs...
PBA: 0.964 -> 0.399 (20 LMs in 0.13sec)
Focal Length : [2144.457]->[2049.583]
Radial Distortion : [-0.226 -> -28]

#############################
+11: [22] sees 8922 (+1075) 3D points
Estimated Focal Length [1482][0.93N]
# 2496 projs (323 pts and 0 merges)
PBA: 2218 3D pts, 11 cams and 19114 projs...
PBA: 0.748 -> 0.455 (29 LMs in 0.40sec)
#points w/ large errors:	20
#unstable points removed:	1
Focal Length : [1482.192]->[2112.773]
Radial Distortion : [-0.238 -> -28]

#############################
#12: [22 - Copy] sees 10659 (+5029) 3D points
Estimated Focal Length [2128][1.33N]
# 1838 projs (50 pts and 3 merges)
PBA: 2241 3D pts, 12 cams and 20776 projs...
PBA: 1.343 -> 0.455 (59 LMs in 0.33sec)
#points w/ large errors:	2
#unstable points removed:	31

**************************************
#12/12:  2694 projs and 133 pts added.
PBA: 2290 3D pts, 12 cams and 21539 projs...
PBA: 0.556 -> 0.534 (12 LMs in 0.15sec)
PBA: 2290 3D pts, 12 cams and 21539 projs...
PBA: 0.534 -> 0.534 (11 LMs in 0.11sec)
Focal Length : [2128.461]->[2226.520]
Radial Distortion : [-0.248 -> -26]

#############################
+13: [22 .. Copy] sees 13330 (+4814) 3D points
Estimated Focal Length [2367][1.48N]
# 2389 projs (183 pts and 42 merges)
PBA: 2429 3D pts, 13 cams and 23924 projs...
PBA: 1.128 -> 0.443 (16 LMs in 0.19sec)
#points w/ large errors:	3
Focal Length : [2367.075]->[2286.931]
Radial Distortion : [-0.102 -> -10]

#############################
#14: [30] sees 7760 (+734) 3D points
Estimated Focal Length [1749][1.09N]
# 3655 projs (663 pts and 31 merges)
PBA: 3047 3D pts, 14 cams and 27527 projs...
PBA: 1.225 -> 1.225 (0 LMs in 0.00sec)
#points w/ large errors:	26
Focal Length : [1749.183]->[1749.183]
Radial Distortion : [0.000 -> 0]

#############################
#15: [30 - Copy] sees 11010 (+3352) 3D points
Estimated Focal Length [5885][3.68N]
# 1869 projs (126 pts and 60 merges)
PBA: 2982 3D pts, 15 cams and 28919 projs...
PBA: 1.681 -> 0.889 (100 LMs in 1.01sec)
#points w/ large errors:	47
#unstable points removed:	7
Radial Distortion : [3.075 -> 44]
# 7 projs (1 pts and 3 merges)
Focal Length : [5885.401]->[5970.109]
Radial Distortion : [3.075 -> 44]

#############################
#16: [30 .. Copy] sees 12748 (+3343) 3D points
Estimated Focal Length [1857][1.16N]
# 1788 projs (29 pts and 8 merges)
PBA: 2975 3D pts, 16 cams and 30508 projs...
PBA: 1.235 -> 0.640 (100 LMs in 1.57sec)
#points w/ large errors:	53
#unstable points removed:	103

**************************************
#16/16:  2583 projs and 101 pts added.
PBA: 2916 3D pts, 16 cams and 30535 projs...
PBA: 3.854 -> 0.683 (30 LMs in 0.30sec)
#points w/ large errors:	6
#unstable points removed:	1
PBA: 2909 3D pts, 16 cams and 30449 projs...
PBA: 0.647 -> 0.647 (0 LMs in 0.00sec)
Focal Length : [1856.945]->[1882.158]
Radial Distortion : [-0.092 -> -14]

#############################
#17: [33] sees 8473 (+480) 3D points
Estimated Focal Length [1812][1.13N]
# 1995 projs (222 pts and 16 merges)
PBA: 3108 3D pts, 17 cams and 32430 projs...
PBA: 1.137 -> 0.647 (27 LMs in 0.37sec)
#points w/ large errors:	30
#unstable points removed:	21
Focal Length : [1811.651]->[1687.253]
Radial Distortion : [-0.208 -> -38]

#############################
#18: [33 - Copy] sees 9980 (+2792) 3D points
Estimated Focal Length [2012][1.26N]
# 1427 projs (67 pts and 29 merges)
PBA: 3072 3D pts, 18 cams and 33390 projs...
PBA: 0.907 -> 0.578 (38 LMs in 0.44sec)
#points w/ large errors:	5
#unstable points removed:	10
Focal Length : [2011.723]->[1777.109]
Radial Distortion : [-0.250 -> -41]

#############################
#19: [33 .. Copy] sees 11679 (+2773) 3D points
Estimated Focal Length [1850][1.16N]
# 2285 projs (217 pts and 13 merges)
PBA: 3254 3D pts, 19 cams and 35556 projs...
PBA: 0.821 -> 0.574 (26 LMs in 0.19sec)
#points w/ large errors:	17
#unstable points removed:	8
Focal Length : [1850.264]->[1830.627]
Radial Distortion : [-0.371 -> -57]

#############################
#20: [31] sees 8152 (+443) 3D points
Estimated Focal Length [1356][0.85N]
# 2555 projs (403 pts and 15 merges)
PBA: 3606 3D pts, 20 cams and 37911 projs...
PBA: 1.155 -> 0.690 (29 LMs in 0.30sec)
#points w/ large errors:	17
#unstable points removed:	57
Focal Length : [1356.327]->[1341.133]
Radial Distortion : [-0.374 -> -107]

#############################
#21: [31 .. Copy] sees 10197 (+5168) 3D points
Estimated Focal Length [1509][0.94N]
# 5574 projs (2047 pts and 13 merges)
SKIP: 0 cams, 1 points, 532 projs
PBA: 5550 3D pts, 20 cams and 42959 projs...
PBA: 1.374 -> 1.374 (0 LMs in 0.00sec)
#points w/ large errors:	4

**************************************
#21/21:  5844 projs and 2053 pts added.
PBA: 5537 3D pts, 21 cams and 43196 projs...
PBA: 1.623 -> 0.796 (50 LMs in 0.90sec)
#points w/ large errors:	3
#unstable points removed:	2004
PBA: 3530 3D pts, 21 cams and 39160 projs...
PBA: 0.923 -> 0.805 (30 LMs in 0.33sec)
#points w/ large errors:	6
#unstable points removed:	11
Focal Length : [1509.213]->[1370.843]
Radial Distortion : [-0.388 -> -106]

#############################
#22: [31 - Copy] sees 11891 (+5158) 3D points
Estimated Focal Length [2012][1.26N]
# 11159 projs (3355 pts and 9 merges)
SKIP: 0 cams, 1 points, 135 projs
PBA: 6853 3D pts, 20 cams and 50182 projs...
PBA: 1.189 -> 1.189 (0 LMs in 0.00sec)
#points w/ large errors:	18
Focal Length : [2012.139]->[2012.139]
Radial Distortion : [0.000 -> 0]

#############################
#23: [31 ..y (2)] sees 22839 (+1816) 3D points
Estimated Focal Length [1748][1.09N]
# 4741 projs (29 pts and 16 merges)
SKIP: 0 cams, 12 points, 230 projs
PBA: 6844 3D pts, 20 cams and 54695 projs...
PBA: 1.432 -> 1.432 (0 LMs in 0.00sec)
#points w/ large errors:	1
Focal Length : [1748.120]->[1748.120]
Radial Distortion : [0.000 -> 0]

#############################
#24: [59] sees 5167 (+242) 3D points
Estimated Focal Length [1083][0.68W]
# 1504 projs (208 pts and 6 merges)
SKIP: 0 cams, 1 points, 10 projs
PBA: 7042 3D pts, 20 cams and 56189 projs...
PBA: 1.856 -> 1.856 (0 LMs in 0.00sec)
#points w/ large errors:	243
Focal Length : [1082.709]->[1082.709]
Radial Distortion : [0.000 -> 0]

#############################
#25: [55] sees 5629 (+1766) 3D points
Estimated Focal Length [1238][0.77N]
# 3211 projs (951 pts and 8 merges)
SKIP: 0 cams, 1 points, 2500 projs
PBA: 7733 3D pts, 20 cams and 56900 projs...
PBA: 2.059 -> 2.059 (0 LMs in 0.00sec)
#points w/ large errors:	105
Focal Length : [1237.947]->[1237.947]
Radial Distortion : [0.000 -> 0]

#############################
#26: [57] sees 7256 (+1874) 3D points
Estimated Focal Length [1159][0.72N]
# 2622 projs (395 pts and 31 merges)
PBA: 7530 3D pts, 26 cams and 57948 projs...
PBA: 2.467 -> 2.467 (0 LMs in 0.00sec)
#points w/ large errors:	135
Focal Length : [1158.984]->[1158.984]
Radial Distortion : [0.000 -> 0]

#############################
#27: [45] sees 1591 (+90) 3D points
Estimated Focal Length [1099][0.69N]
# 589 projs (98 pts and 0 merges)
SKIP: 0 cams, 151 points, 1569 projs
PBA: 7794 3D pts, 20 cams and 57752 projs...
PBA: 2.483 -> 2.483 (0 LMs in 0.00sec)
#points w/ large errors:	584

**************************************
#27/27:  8476 projs and 1266 pts added.
PBA: 8308 3D pts, 27 cams and 60734 projs...
PBA: 2.752 -> 2.752 (0 LMs in 0.00sec)
PBA: 8308 3D pts, 27 cams and 60734 projs...
PBA: 2.752 -> 2.752 (0 LMs in 0.00sec)
Focal Length : [1099.398]->[1099.398]
Radial Distortion : [0.000 -> 0]

#############################
#28: [41] sees 2003 (+1899) 3D points
Estimated Focal Length [1136][0.71N]
# 321 projs (0 pts and 1 merges)
SKIP: 0 cams, 101 points, 616 projs
PBA: 8205 3D pts, 20 cams and 60411 projs...
PBA: 2.955 -> 2.955 (0 LMs in 0.00sec)
#points w/ large errors:	945
Focal Length : [1135.756]->[1135.756]
Radial Distortion : [0.000 -> 0]

#############################
#29: [39] sees 1741 (+2287) 3D points
Estimated Focal Length [1063][0.66W]
# 585 projs (71 pts and 2 merges)
SKIP: 0 cams, 977 points, 7196 projs
PBA: 7335 3D pts, 20 cams and 54428 projs...
PBA: 1.848 -> 1.848 (0 LMs in 0.00sec)
#points w/ large errors:	53
Focal Length : [1063.256]->[1063.256]
Radial Distortion : [0.000 -> 0]

#############################
#30: [43] sees 1887 (+2770) 3D points
Estimated Focal Length [1113][0.70N]
# 848 projs (141 pts and 3 merges)
SKIP: 0 cams, 1037 points, 2432 projs
PBA: 7275 3D pts, 20 cams and 53453 projs...
PBA: 2.211 -> 2.211 (0 LMs in 0.00sec)
#points w/ large errors:	72
Focal Length : [1113.285]->[1113.285]
Radial Distortion : [0.000 -> 0]

#############################
#31: [37 .. Copy] sees 1977 (+2658) 3D points
Estimated Focal Length [1018][0.64W]
# 1072 projs (181 pts and 4 merges)
SKIP: 0 cams, 935 points, 2394 projs
PBA: 7378 3D pts, 20 cams and 53891 projs...
PBA: 2.566 -> 2.566 (0 LMs in 0.00sec)
#points w/ large errors:	100
Focal Length : [1018.414]->[1018.414]
Radial Distortion : [0.000 -> 0]

#############################
#32: [37] sees 2915 (+4961) 3D points
Estimated Focal Length [974][0.61W]
# 1845 projs (405 pts and 5 merges)
PBA: 7312 3D pts, 32 cams and 55468 projs...
PBA: 3.798 -> 3.798 (0 LMs in 0.00sec)
#points w/ large errors:	8
Focal Length : [973.601]->[973.601]
Radial Distortion : [0.000 -> 0]

#############################
#33: [37 - Copy] sees 3878 (+4584) 3D points
Estimated Focal Length [890][0.56W]
# 801 projs (0 pts and 0 merges)
SKIP: 0 cams, 1160 points, 6469 projs
PBA: 7117 3D pts, 20 cams and 50882 projs...
PBA: 4.418 -> 4.418 (0 LMs in 0.00sec)
#points w/ large errors:	81
Focal Length : [889.730]->[889.730]
Radial Distortion : [0.000 -> 0]

#############################
#34: [35] sees 3419 (+2234) 3D points
Estimated Focal Length [917][0.57W]
# 6079 projs (982 pts and 1 merges)
SKIP: 0 cams, 727 points, 6869 projs
PBA: 8041 3D pts, 20 cams and 56535 projs...
PBA: 5.111 -> 5.111 (0 LMs in 0.00sec)
#points w/ large errors:	294

**************************************
#34/34:  14664 projs and 2683 pts added.
PBA: 10003 3D pts, 34 cams and 68731 projs...
PBA: 14.974 -> 14.974 (0 LMs in 0.01sec)
PBA: 10003 3D pts, 34 cams and 68731 projs...
PBA: 14.974 -> 14.974 (0 LMs in 0.00sec)
Focal Length : [917.239]->[917.239]
Radial Distortion : [0.000 -> 0]

#############################
#35: [35 ..y (2)] sees 11361 (+3463) 3D points
Estimated Focal Length [887][0.55W]
# 2362 projs (174 pts and 10 merges)
SKIP: 0 cams, 745 points, 6392 projs
PBA: 9414 3D pts, 20 cams and 64691 projs...
PBA: 16.201 -> 16.201 (0 LMs in 0.00sec)
#points w/ large errors:	1202
Focal Length : [886.939]->[886.939]
Radial Distortion : [0.000 -> 0]

#############################
#36: [35 .. Copy] sees 13325 (+3310) 3D points
Estimated Focal Length [870][0.54W]
# 2578 projs (168 pts and 3 merges)
SKIP: 0 cams, 2310 points, 15870 projs
PBA: 7843 3D pts, 20 cams and 57735 projs...
PBA: 13.063 -> 13.063 (0 LMs in 0.00sec)
#points w/ large errors:	56
Focal Length : [870.058]->[870.058]
Radial Distortion : [0.000 -> 0]

#############################
#37: [35 - Copy] sees 14923 (+3203) 3D points
Estimated Focal Length [987][0.62W]
# 5522 projs (1465 pts and 0 merges)
SKIP: 0 cams, 1234 points, 10874 projs
PBA: 9256 3D pts, 20 cams and 62979 projs...
PBA: 13.243 -> 13.243 (0 LMs in 0.00sec)
#points w/ large errors:	35
Focal Length : [987.134]->[987.134]
Radial Distortion : [0.000 -> 0]

#############################
#38: [47] sees 6413 (+953) 3D points
Estimated Focal Length [3897][2.44N]
# 533 projs (0 pts and 0 merges)
SKIP: 0 cams, 1779 points, 9334 projs
PBA: 8695 3D pts, 20 cams and 64722 projs...
PBA: 13.914 -> 13.914 (0 LMs in 0.00sec)
#points w/ large errors:	1599
Focal Length : [3896.515]->[3896.515]
Radial Distortion : [0.000 -> 0]

#############################
#39: [51] sees 2860 (+1150) 3D points
Estimated Focal Length [1356][0.85N]
# 301 projs (0 pts and 0 merges)
PBA: 7101 3D pts, 39 cams and 55318 projs...
PBA: 5.521 -> 5.521 (0 LMs in 0.00sec)
#points w/ large errors:	230
Focal Length : [1356.293]->[1356.293]
Radial Distortion : [0.000 -> 0]

#############################
#40: [49] sees 573 (+527) 3D points
Estimated Focal Length [11868][7.42N]
# 75 projs (0 pts and 0 merges)
SKIP: 0 cams, 3751 points, 20679 projs
PBA: 6698 3D pts, 20 cams and 38140 projs...
PBA: 2.494 -> 2.494 (0 LMs in 0.00sec)
#points w/ large errors:	195
Focal Length : [11867.885]->[11867.885]
Radial Distortion : [0.000 -> 0]

^^^^^^^^^^^^^^^^^^^^^^^^^^^^^^^^
#40/40:  30206 projs and 5516 pts added.
PBA: 13197 3D pts, 40 cams and 82516 projs...
PBA: 17.228 -> 17.228 (0 LMs in 0.00sec)
#points w/ large errors:	65
PBA: 13132 3D pts, 40 cams and 81641 projs...
PBA: 18.257 -> 18.257 (0 LMs in 0.00sec)
END: No more images to add [0 projs]

#############################
Initialize with 14 .. Copy and 16
456 3D points initialized from two images
PBA: 456 3D pts, 2 cams and 912 projs...
PBA: 0.108 -> 0.095 (1 LMs in 0.07sec)
Focal Length : [1920.000]->[1911.556]
Focal Length : [1920.000]->[1921.366]

#############################
#3: [14 - Copy] sees 873 (+4725) 3D points
Estimated Focal Length [1924][1.20N]
# 456 projs (0 pts and 0 merges)
PBA: 456 3D pts, 3 cams and 1368 projs...
PBA: 0.118 -> 0.077 (1 LMs in 0.00sec)

**************************************
#3/3:  566 projs and 55 pts added.
PBA: 511 3D pts, 3 cams and 1478 projs...
PBA: 0.121 -> 0.118 (1 LMs in 0.00sec)
PBA: 511 3D pts, 3 cams and 1478 projs...
PBA: 0.118 -> 0.112 (2 LMs in 0.06sec)
Focal Length : [1924.021]->[1917.000]
Radial Distortion : [0.012 -> 1]

#############################
#4: [14] sees 1455 (+4670) 3D points
Estimated Focal Length [1916][1.20N]
# 511 projs (0 pts and 0 merges)
PBA: 511 3D pts, 4 cams and 1989 projs...
PBA: 0.126 -> 0.110 (1 LMs in 0.02sec)
Focal Length : [1916.148]->[1911.512]
Radial Distortion : [0.012 -> 1]

#############################
#5: [16 - Copy] sees 1829 (+1662) 3D points
Estimated Focal Length [2194][1.37N]
# 606 projs (57 pts and 28 merges)
PBA: 539 3D pts, 5 cams and 2593 projs...
PBA: 0.287 -> 0.197 (1 LMs in 0.00sec)

**************************************
#5/5:  709 projs and 85 pts added.
PBA: 545 3D pts, 5 cams and 2696 projs...
PBA: 0.291 -> 0.245 (1 LMs in 0.03sec)
PBA: 545 3D pts, 5 cams and 2696 projs...
PBA: 0.245 -> 0.245 (0 LMs in 0.00sec)
Focal Length : [2194.242]->[2174.525]
Radial Distortion : [-0.004 -> -1]

#############################
#6: [16 .. Copy] sees 2432 (+1625) 3D points
Estimated Focal Length [2052][1.28N]
# 563 projs (15 pts and 14 merges)
PBA: 546 3D pts, 6 cams and 3259 projs...
PBA: 0.243 -> 0.243 (0 LMs in 0.00sec)
Focal Length : [2051.674]->[2051.674]
Radial Distortion : [0.000 -> 0]

#############################
#7: [12] sees 2237 (+1354) 3D points
Estimated Focal Length [1850][1.16N]
# 1002 projs (134 pts and 0 merges)
PBA: 680 3D pts, 7 cams and 4261 projs...
PBA: 0.330 -> 0.240 (6 LMs in 0.08sec)
#points w/ large errors:	3

**************************************
#7/7:  1089 projs and 134 pts added.
PBA: 677 3D pts, 7 cams and 4331 projs...
PBA: 0.238 -> 0.211 (1 LMs in 0.01sec)
PBA: 677 3D pts, 7 cams and 4331 projs...
PBA: 0.211 -> 0.211 (0 LMs in 0.00sec)
Focal Length : [1850.494]->[1833.797]
Radial Distortion : [-0.135 -> -21]

#############################
#8: [12 - Copy] sees 3245 (+5284) 3D points
Estimated Focal Length [2138][1.34N]
# 563 projs (0 pts and 0 merges)
PBA: 677 3D pts, 8 cams and 4894 projs...
PBA: 0.416 -> 0.244 (2 LMs in 0.06sec)
Focal Length : [2138.053]->[2046.287]
Radial Distortion : [-0.091 -> -12]

#############################
#9: [12 .. Copy] sees 3722 (+5285) 3D points
Estimated Focal Length [2114][1.32N]
# 562 projs (0 pts and 0 merges)
PBA: 677 3D pts, 9 cams and 5456 projs...
PBA: 0.407 -> 0.222 (2 LMs in 0.01sec)

**************************************
#9/9:  564 projs and 0 pts added.
PBA: 677 3D pts, 9 cams and 5458 projs...
PBA: 0.223 -> 0.213 (1 LMs in 0.03sec)
PBA: 677 3D pts, 9 cams and 5458 projs...
PBA: 0.213 -> 0.207 (1 LMs in 0.04sec)
Focal Length : [2113.537]->[1978.066]
Radial Distortion : [-0.187 -> -25]

#############################
#10: [6] sees 3530 (+1699) 3D points
Estimated Focal Length [1620][1.01N]
# 4882 projs (896 pts and 1 merges)
PBA: 1571 3D pts, 10 cams and 10338 projs...
PBA: 0.479 -> 0.235 (3 LMs in 0.01sec)
#points w/ large errors:	1
Focal Length : [1620.039]->[1602.697]
Radial Distortion : [-0.057 -> -12]

#############################
#11: [6 -.. Copy] sees 8022 (+4258) 3D points
Estimated Focal Length [1640][1.02N]
# 1465 projs (10 pts and 6 merges)
PBA: 1571 3D pts, 11 cams and 11788 projs...
PBA: 0.963 -> 0.223 (3 LMs in 0.02sec)
Focal Length : [1639.784]->[1532.152]
Radial Distortion : [-0.104 -> -23]

#############################
#12: [6 - Copy] sees 9620 (+4257) 3D points
Estimated Focal Length [1730][1.08N]
# 1515 projs (22 pts and 6 merges)
PBA: 1587 3D pts, 12 cams and 13303 projs...
PBA: 0.418 -> 0.245 (2 LMs in 0.08sec)

**************************************
#12/12:  2664 projs and 169 pts added.
PBA: 1732 3D pts, 12 cams and 14452 projs...
PBA: 0.254 -> 0.229 (1 LMs in 0.04sec)
PBA: 1732 3D pts, 12 cams and 14452 projs...
PBA: 0.229 -> 0.220 (1 LMs in 0.04sec)
Focal Length : [1729.535]->[1580.339]
Radial Distortion : [-0.101 -> -21]

#############################
#13: [8] sees 8240 (+1603) 3D points
Estimated Focal Length [1520][0.95N]
# 4554 projs (658 pts and 51 merges)
PBA: 2339 3D pts, 13 cams and 19006 projs...
PBA: 0.520 -> 0.232 (16 LMs in 0.52sec)
Focal Length : [1520.105]->[1539.028]
Radial Distortion : [-0.057 -> -13]

#############################
#14: [8 -.. Copy] sees 12574 (+4219) 3D points
Estimated Focal Length [1674][1.05N]
# 2244 projs (113 pts and 51 merges)
PBA: 2399 3D pts, 14 cams and 21246 projs...
PBA: 0.376 -> 0.228 (6 LMs in 0.05sec)
Focal Length : [1673.613]->[1509.387]
Radial Distortion : [-0.092 -> -21]

#############################
#15: [8 - Copy] sees 14590 (+4156) 3D points
Estimated Focal Length [1613][1.01N]
# 2499 projs (122 pts and 40 merges)
PBA: 2479 3D pts, 15 cams and 23741 projs...
PBA: 0.373 -> 0.373 (0 LMs in 0.00sec)
Focal Length : [1613.033]->[1613.033]
Radial Distortion : [0.000 -> 0]

#############################
#16: [10] sees 13662 (+1540) 3D points
Estimated Focal Length [1654][1.03N]
# 3807 projs (381 pts and 35 merges)
PBA: 2823 3D pts, 16 cams and 27544 projs...
PBA: 0.568 -> 0.248 (11 LMs in 0.46sec)

**************************************
#16/16:  4238 projs and 405 pts added.
PBA: 2844 3D pts, 16 cams and 27977 projs...
PBA: 0.258 -> 0.258 (0 LMs in 0.00sec)
PBA: 2844 3D pts, 16 cams and 27977 projs...
PBA: 0.258 -> 0.238 (1 LMs in 0.04sec)
Focal Length : [1654.150]->[1587.309]
Radial Distortion : [-0.085 -> -18]

#############################
#17: [10 .. Copy] sees 17181 (+3825) 3D points
Estimated Focal Length [1646][1.03N]
# 2036 projs (37 pts and 23 merges)
PBA: 2858 3D pts, 17 cams and 30013 projs...
PBA: 0.369 -> 0.369 (0 LMs in 0.00sec)
#points w/ large errors:	1
Focal Length : [1645.742]->[1645.742]
Radial Distortion : [0.000 -> 0]

#############################
#18: [10 - Copy] sees 17486 (+3814) 3D points
Estimated Focal Length [1658][1.04N]
# 1912 projs (1 pts and 1 merges)
PBA: 2857 3D pts, 18 cams and 31921 projs...
PBA: 0.549 -> 0.549 (0 LMs in 0.00sec)
Focal Length : [1658.398]->[1658.398]
Radial Distortion : [0.000 -> 0]

#############################
#19: [4] sees 16550 (+1251) 3D points
Estimated Focal Length [1629][1.02N]
# 2875 projs (224 pts and 31 merges)
PBA: 3050 3D pts, 19 cams and 34796 projs...
PBA: 0.680 -> 0.680 (0 LMs in 0.00sec)
#points w/ large errors:	12
Focal Length : [1629.470]->[1629.470]
Radial Distortion : [0.000 -> 0]

#############################
#20: [4 -.. Copy] sees 19374 (+2838) 3D points
Estimated Focal Length [1572][0.98N]
# 1872 projs (13 pts and 7 merges)
PBA: 3041 3D pts, 20 cams and 36542 projs...
PBA: 0.817 -> 0.249 (9 LMs in 0.10sec)
Focal Length : [1571.941]->[1506.546]
Radial Distortion : [-0.061 -> -14]

#############################
#21: [4 - Copy] sees 21127 (+2834) 3D points
Estimated Focal Length [1506][0.94N]
# 1813 projs (8 pts and 6 merges)
SKIP: 0 cams, 24 points, 4 projs
PBA: 3041 3D pts, 20 cams and 38351 projs...
PBA: 0.784 -> 0.784 (0 LMs in 0.00sec)

**************************************
#21/21:  2032 projs and 29 pts added.
PBA: 3056 3D pts, 21 cams and 38570 projs...
PBA: 0.819 -> 0.252 (50 LMs in 0.51sec)
PBA: 3056 3D pts, 21 cams and 38570 projs...
PBA: 0.252 -> 0.252 (0 LMs in 0.00sec)
Focal Length : [1506.428]->[1475.231]
Radial Distortion : [-0.079 -> -19]

#############################
#22: [20] sees 8274 (+603) 3D points
Estimated Focal Length [1977][1.24N]
# 1818 projs (201 pts and 6 merges)
SKIP: 0 cams, 1 points, 4 projs
PBA: 3249 3D pts, 20 cams and 40384 projs...
PBA: 0.386 -> 0.386 (0 LMs in 0.00sec)
#points w/ large errors:	5
Focal Length : [1976.644]->[1976.644]
Radial Distortion : [0.000 -> 0]

#############################
#23: [20 - Copy] sees 9511 (+1350) 3D points
Estimated Focal Length [2178][1.36N]
# 3461 projs (706 pts and 45 merges)
SKIP: 0 cams, 1 points, 94 projs
PBA: 3895 3D pts, 20 cams and 43751 projs...
PBA: 0.567 -> 0.567 (0 LMs in 0.00sec)
#points w/ large errors:	1
Focal Length : [2177.620]->[2177.620]
Radial Distortion : [0.000 -> 0]

#############################
#24: [20 .. Copy] sees 12956 (+709) 3D points
Estimated Focal Length [2036][1.27N]
# 3806 projs (715 pts and 7 merges)
SKIP: 0 cams, 1 points, 23 projs
PBA: 4592 3D pts, 20 cams and 47534 projs...
PBA: 0.794 -> 0.794 (0 LMs in 0.00sec)
#points w/ large errors:	4
Focal Length : [2035.765]->[2035.765]
Radial Distortion : [0.000 -> 0]

#############################
#25: [18] sees 10544 (+209) 3D points
Estimated Focal Length [1982][1.24N]
# 1798 projs (148 pts and 34 merges)
SKIP: 0 cams, 27 points, 24 projs
PBA: 4697 3D pts, 20 cams and 49308 projs...
PBA: 1.126 -> 1.126 (0 LMs in 0.00sec)
#points w/ large errors:	131
Focal Length : [1982.410]->[1982.410]
Radial Distortion : [0.000 -> 0]

#############################
#26: [18 .. Copy] sees 11820 (+752) 3D points
Estimated Focal Length [2193][1.37N]
# 1319 projs (10 pts and 9 merges)
PBA: 4563 3D pts, 26 cams and 49752 projs...
PBA: 1.948 -> 1.948 (0 LMs in 0.00sec)
Focal Length : [2193.126]->[2193.126]
Radial Distortion : [0.000 -> 0]

#############################
#27: [18 - Copy] sees 13156 (+752) 3D points
Estimated Focal Length [2319][1.45N]
# 2076 projs (266 pts and 1 merges)
SKIP: 0 cams, 9 points, 54 projs
PBA: 4819 3D pts, 20 cams and 51778 projs...
PBA: 2.030 -> 2.030 (0 LMs in 0.00sec)
#points w/ large errors:	3

**************************************
#27/27:  3187 projs and 444 pts added.
PBA: 4966 3D pts, 27 cams and 52835 projs...
PBA: 2.043 -> 2.043 (0 LMs in 0.00sec)
PBA: 4966 3D pts, 27 cams and 52835 projs...
PBA: 2.043 -> 2.043 (0 LMs in 0.00sec)
Focal Length : [2318.745]->[2318.745]
Radial Distortion : [0.000 -> 0]
END: No more images to add [0 projs]

#############################
Failed to find two images for initialization
Resuming SfM finished, 15 sec used

---------------------------------------------------
27 cams, 4968 pts (3+: 4963)
52835 projections (3+: 52829)
---------------------------------------------------
2 model(s) reconstructed from 68 images;
67 modeled; 0 reused; 0 EXIF; 
6MB(6) used to store feature location.
---------------------------------------------------

########-------timing------#########
Structure-From-Motion finished, 19 sec used
11.3(11.0) seconds on Bundle Adjustment (+)
10.6(10.5) seconds on Bundle Adjustment (*)
#############################
----------------------------------------------------------------
Run full 3D reconstruction, finished
Totally 19.000 seconds used


Run dense reconstruction, begin...
Save to trial14.nvm ... done

#############################
Undistorting 27 images in model #1
param_undistortion_thread_num = 0
NOTE: using 12 threads...
#04: 16 - Copy -> 00000004.jpg, 0.334 sec
#01: 14 - Copy -> 00000002.jpg, 0.334 sec
#11: 6 - Copy -> 00000011.jpg, 0.334 sec
#05: 16 .. Copy -> 00000005.jpg, 0.395 sec
#09: 6 -> 00000009.jpg, 0.402 sec
#10: 6 -.. Copy -> 00000010.jpg, 0.402 sec
#07: 8 - Copy -> 00000014.jpg, 0.404 sec
#02: 8 -> 00000012.jpg, 0.404 sec
#00: 14 .. Copy -> 00000000.jpg, 0.406 sec
#06: 12 -> 00000006.jpg, 0.405 sec
#08: 12 - Copy -> 00000007.jpg, 0.406 sec
#03: 8 -.. Copy -> 00000013.jpg, 0.577 sec
#09: 20 -> 00000021.jpg, 0.172 sec
#10: 20 .. Copy -> 00000023.jpg, 0.169 sec
#07: 18 .. Copy -> 00000025.jpg, 0.166 sec
#09: 20 - Copy -> 00000022.jpg, 0.001 sec
#10: 18 -> 00000024.jpg, 0.001 sec
#07: 18 - Copy -> 00000026.jpg, 0.002 sec
#11: 10 - Copy -> 00000017.jpg, 0.369 sec
#01: 14 -> 00000003.jpg, 0.373 sec
#04: 10 -> 00000015.jpg, 0.378 sec
#05: 4 -.. Copy -> 00000019.jpg, 0.338 sec
#08: 12 .. Copy -> 00000008.jpg, 0.316 sec
#00: 16 -> 00000001.jpg, 0.327 sec
#11: 4 -> 00000018.jpg, 0.229 sec
#05: 4 - Copy -> 00000020.jpg, 0.227 sec
#04: 10 .. Copy -> 00000016.jpg, 0.245 sec
----------------------------------------------------------------
Running Yasutaka Furukawa's CMVS tool...
cmvs "D:\Deep Learning\project_code\food images\trial14.nvm.cmvs\01\\" 50 12
ERROR: the above CMVS command failed!
FAQ: http://ccwu.me/vsfm/doc.html#errors
----------------------------------------------------------------
Run dense reconstruction, finished
Totally 2.000 seconds used


Compute Bundle Adjustment, begin...
PBA: 4966 3D pts, 27 cams and 52835 projs...
PBA: 2.043 -> 2.043 (0 LMs in 0.10sec)
----------------------------------------------------------------
Compute Bundle Adjustment, finished
Totally 1.000 seconds used


Compute Bundle Adjustment, begin...
PBA: 4966 3D pts, 27 cams and 52835 projs...
PBA: 2.043 -> 2.043 (0 LMs in 0.01sec)
----------------------------------------------------------------
Compute Bundle Adjustment, finished
Totally 1.000 seconds used


Run dense reconstruction, begin...

#############################
Undistorting 27 images in model #1
param_undistortion_thread_num = 0
NOTE: using 12 threads...
#01: 14 - Copy -> 00000002.jpg, 0.305 sec
#00: 14 .. Copy -> 00000000.jpg, 0.305 sec
#08: 12 .. Copy -> 00000008.jpg, 0.306 sec
#11: 6 - Copy -> 00000011.jpg, 0.313 sec
#02: 8 -> 00000012.jpg, 0.318 sec
#06: 12 -> 00000006.jpg, 0.326 sec
#04: 16 - Copy -> 00000004.jpg, 0.336 sec
#05: 16 .. Copy -> 00000005.jpg, 0.343 sec
#09: 6 -> 00000009.jpg, 0.345 sec
#10: 6 -.. Copy -> 00000010.jpg, 0.347 sec
#05: 18 -> 00000024.jpg, 0.001 sec
#09: 18 - Copy -> 00000026.jpg, 0.002 sec
#04: 20 - Copy -> 00000022.jpg, 0.013 sec
#07: 12 - Copy -> 00000007.jpg, 0.355 sec
#05: 18 .. Copy -> 00000025.jpg, 0.002 sec
#03: 8 - Copy -> 00000014.jpg, 0.367 sec
#04: 20 .. Copy -> 00000023.jpg, 0.001 sec
#01: 14 -> 00000003.jpg, 0.284 sec
#00: 16 -> 00000001.jpg, 0.284 sec
#08: 10 .. Copy -> 00000016.jpg, 0.289 sec
#11: 4 -> 00000018.jpg, 0.297 sec
#02: 8 -.. Copy -> 00000013.jpg, 0.293 sec
#06: 4 - Copy -> 00000020.jpg, 0.288 sec
#06: 20 -> 00000021.jpg, 0.001 sec
#03: 10 -> 00000015.jpg, 0.270 sec
#08: 10 - Copy -> 00000017.jpg, 0.221 sec
#11: 4 -.. Copy -> 00000019.jpg, 0.215 sec
----------------------------------------------------------------
Running Yasutaka Furukawa's CMVS tool...
cmvs "D:\Deep Learning\project_code\food images\trial14.nvm.cmvs\01\\" 50 12
ERROR: the above CMVS command failed!
FAQ: http://ccwu.me/vsfm/doc.html#errors
----------------------------------------------------------------
Run dense reconstruction, finished
Totally 1.000 seconds used


Run dense reconstruction, begin...

#############################
Undistorting 27 images in model #1
param_undistortion_thread_num = 0
NOTE: using 12 threads...
#04: 8 -> 00000012.jpg, 0.308 sec
#10: 6 -> 00000009.jpg, 0.320 sec
#01: 14 - Copy -> 00000002.jpg, 0.323 sec
#06: 8 - Copy -> 00000014.jpg, 0.323 sec
#02: 16 - Copy -> 00000004.jpg, 0.333 sec
#07: 12 -> 00000006.jpg, 0.333 sec
#11: 6 -.. Copy -> 00000010.jpg, 0.337 sec
#08: 12 - Copy -> 00000007.jpg, 0.350 sec
#09: 12 .. Copy -> 00000008.jpg, 0.360 sec
#00: 14 .. Copy -> 00000000.jpg, 0.363 sec
#11: 20 - Copy -> 00000022.jpg, 0.020 sec
#09: 18 - Copy -> 00000026.jpg, 0.001 sec
#08: 18 -> 00000024.jpg, 0.012 sec
#11: 20 .. Copy -> 00000023.jpg, 0.001 sec
#08: 18 .. Copy -> 00000025.jpg, 0.004 sec
#03: 6 - Copy -> 00000011.jpg, 0.388 sec
#05: 8 -.. Copy -> 00000013.jpg, 0.414 sec
#10: 4 -> 00000018.jpg, 0.263 sec
#01: 14 -> 00000003.jpg, 0.283 sec
#00: 16 -> 00000001.jpg, 0.246 sec
#04: 10 .. Copy -> 00000016.jpg, 0.303 sec
#06: 10 -> 00000015.jpg, 0.287 sec
#02: 16 .. Copy -> 00000005.jpg, 0.283 sec
#07: 4 - Copy -> 00000020.jpg, 0.284 sec
#07: 20 -> 00000021.jpg, 0.000 sec
#10: 4 -.. Copy -> 00000019.jpg, 0.220 sec
#04: 10 - Copy -> 00000017.jpg, 0.211 sec
----------------------------------------------------------------
Running Yasutaka Furukawa's CMVS tool...
cmvs "D:\Deep Learning\project_code\food images\trial15.nvm.cmvs\01\\" 50 12
genOption "D:\Deep Learning\project_code\food images\trial15.nvm.cmvs\01\\" 1 2 0.700000 7 3 12
1 cluster is generated for pmvs reconstruction.
pmvs2 "D:\Deep Learning\project_code\food images\trial15.nvm.cmvs\01\\" option-0000
This may take a little more time, waiting...
ERROR: the above CMVS command failed!
FAQ: http://ccwu.me/vsfm/doc.html#errors
----------------------------------------------------------------
Run dense reconstruction, finished
Totally 2.000 seconds used


Run dense reconstruction, begin...

#############################
Undistorting 27 images in model #1
param_undistortion_thread_num = 0
NOTE: using 12 threads...
#03: 16 .. Copy -> 00000005.jpg, 0.306 sec
#04: 6 - Copy -> 00000011.jpg, 0.310 sec
#01: 14 - Copy -> 00000002.jpg, 0.313 sec
#05: 8 -> 00000012.jpg, 0.315 sec
#11: 6 -.. Copy -> 00000010.jpg, 0.316 sec
#00: 14 .. Copy -> 00000000.jpg, 0.319 sec
#02: 16 - Copy -> 00000004.jpg, 0.319 sec
#07: 8 -.. Copy -> 00000013.jpg, 0.320 sec
#08: 12 - Copy -> 00000007.jpg, 0.321 sec
#10: 12 .. Copy -> 00000008.jpg, 0.323 sec
#09: 8 - Copy -> 00000014.jpg, 0.323 sec
#11: 20 -> 00000021.jpg, 0.001 sec
#02: 20 .. Copy -> 00000023.jpg, 0.000 sec
#07: 18 .. Copy -> 00000025.jpg, 0.001 sec
#11: 20 - Copy -> 00000022.jpg, 0.001 sec
#02: 18 -> 00000024.jpg, 0.001 sec
#07: 18 - Copy -> 00000026.jpg, 0.001 sec
#06: 12 -> 00000006.jpg, 0.363 sec
#03: 10 -> 00000015.jpg, 0.239 sec
#01: 14 -> 00000003.jpg, 0.254 sec
#00: 16 -> 00000001.jpg, 0.245 sec
#05: 4 -.. Copy -> 00000019.jpg, 0.259 sec
#04: 10 - Copy -> 00000017.jpg, 0.270 sec
#10: 6 -> 00000009.jpg, 0.261 sec
#03: 10 .. Copy -> 00000016.jpg, 0.214 sec
#05: 4 - Copy -> 00000020.jpg, 0.213 sec
#04: 4 -> 00000018.jpg, 0.215 sec
----------------------------------------------------------------
Running Yasutaka Furukawa's CMVS tool...
cmvs "D:\Deep Learning\project_code\food images\trial15.nvm.cmvs\01\\" 50 12
genOption "D:\Deep Learning\project_code\food images\trial15.nvm.cmvs\01\\" 1 2 0.700000 7 3 12
1 cluster is generated for pmvs reconstruction.
pmvs2 "D:\Deep Learning\project_code\food images\trial15.nvm.cmvs\01\\" option-0000
This may take a little more time, waiting...
ERROR: the above CMVS command failed!
FAQ: http://ccwu.me/vsfm/doc.html#errors
----------------------------------------------------------------
Run dense reconstruction, finished
Totally 1.000 seconds used


Run dense reconstruction, begin...

#############################
Undistorting 27 images in model #1
param_undistortion_thread_num = 0
NOTE: using 12 threads...
#02: 16 - Copy -> 00000004.jpg, 0.293 sec
#06: 8 -> 00000012.jpg, 0.302 sec
#00: 14 .. Copy -> 00000000.jpg, 0.307 sec
#03: 16 .. Copy -> 00000005.jpg, 0.309 sec
#01: 14 - Copy -> 00000002.jpg, 0.312 sec
#07: 8 -.. Copy -> 00000013.jpg, 0.316 sec
#10: 6 -.. Copy -> 00000010.jpg, 0.327 sec
#07: 20 -> 00000021.jpg, 0.004 sec
#09: 12 .. Copy -> 00000008.jpg, 0.328 sec
#10: 20 .. Copy -> 00000023.jpg, 0.005 sec
#05: 12 -> 00000006.jpg, 0.337 sec
#07: 20 - Copy -> 00000022.jpg, 0.004 sec
#05: 18 .. Copy -> 00000025.jpg, 0.001 sec
#11: 8 - Copy -> 00000014.jpg, 0.343 sec
#10: 18 -> 00000024.jpg, 0.001 sec
#08: 12 - Copy -> 00000007.jpg, 0.355 sec
#05: 18 - Copy -> 00000026.jpg, 0.001 sec
#04: 6 - Copy -> 00000011.jpg, 0.368 sec
#02: 10 -> 00000015.jpg, 0.285 sec
#03: 4 -.. Copy -> 00000019.jpg, 0.275 sec
#01: 14 -> 00000003.jpg, 0.281 sec
#06: 10 - Copy -> 00000017.jpg, 0.297 sec
#09: 6 -> 00000009.jpg, 0.266 sec
#00: 16 -> 00000001.jpg, 0.296 sec
#02: 10 .. Copy -> 00000016.jpg, 0.224 sec
#06: 4 -> 00000018.jpg, 0.215 sec
#03: 4 - Copy -> 00000020.jpg, 0.227 sec
----------------------------------------------------------------
Running Yasutaka Furukawa's CMVS tool...
cmvs "D:\Deep Learning\project_code\food images\trial15.nvm.cmvs\01\\" 50 12
genOption "D:\Deep Learning\project_code\food images\trial15.nvm.cmvs\01\\" 1 2 0.700000 7 3 12
1 cluster is generated for pmvs reconstruction.
pmvs2 "D:\Deep Learning\project_code\food images\trial15.nvm.cmvs\01\\" option-0000
This may take a little more time, waiting...
8 seconds were used by PMVS
Loading option-0000.ply, 15668 vertices ...
Loading patches and estimating point sizes..

#############################
You can manually remove bad MVS points:
1. Switch to dense MVS points mode;
2. Hit F1 key to enter the selection mode;
3. Select points by dragging a rectangle;
4. Hit DELETE to delete the selected points.

#############################
Save to trial15.nvm ... done
Save D:\Deep Learning\project_code\food images\trial15.1.ply ...done
----------------------------------------------------------------
Run dense reconstruction, finished
Totally 11.000 seconds used


Compute Bundle Adjustment, begin...
PBA: 4966 3D pts, 27 cams and 52835 projs...
PBA: 2.043 -> 2.043 (0 LMs in 0.03sec)
----------------------------------------------------------------
Compute Bundle Adjustment, finished
Totally 0.000 seconds used


Run dense reconstruction, begin...

#############################
Undistorting 27 images in model #1
param_undistortion_thread_num = 0
NOTE: using 12 threads...
#01: 14 - Copy -> 00000002.jpg, 0.313 sec
#02: 16 - Copy -> 00000004.jpg, 0.313 sec
#10: 10 -> 00000015.jpg, 0.338 sec
#08: 8 -.. Copy -> 00000013.jpg, 0.342 sec
#04: 12 .. Copy -> 00000008.jpg, 0.342 sec
#09: 8 - Copy -> 00000014.jpg, 0.367 sec
#03: 12 -> 00000006.jpg, 0.367 sec
#09: 20 -> 00000021.jpg, 0.001 sec
#00: 14 .. Copy -> 00000000.jpg, 0.374 sec
#07: 8 -> 00000012.jpg, 0.376 sec
#09: 20 - Copy -> 00000022.jpg, 0.001 sec
#11: 10 .. Copy -> 00000016.jpg, 0.389 sec
#05: 6 -.. Copy -> 00000010.jpg, 0.391 sec
#09: 18 .. Copy -> 00000025.jpg, 0.001 sec
#07: 20 .. Copy -> 00000023.jpg, 0.009 sec
#09: 18 - Copy -> 00000026.jpg, 0.005 sec
#06: 6 - Copy -> 00000011.jpg, 0.412 sec
#07: 18 -> 00000024.jpg, 0.002 sec
#02: 16 .. Copy -> 00000005.jpg, 0.304 sec
#10: 10 - Copy -> 00000017.jpg, 0.310 sec
#01: 14 -> 00000003.jpg, 0.339 sec
#04: 6 -> 00000009.jpg, 0.310 sec
#08: 4 -.. Copy -> 00000019.jpg, 0.318 sec
#00: 16 -> 00000001.jpg, 0.292 sec
#03: 12 - Copy -> 00000007.jpg, 0.306 sec
#10: 4 -> 00000018.jpg, 0.237 sec
#08: 4 - Copy -> 00000020.jpg, 0.245 sec
----------------------------------------------------------------
Running Yasutaka Furukawa's CMVS tool...
cmvs "D:\Deep Learning\project_code\food images\trial16.nvm.cmvs\01\\" 50 12
genOption "D:\Deep Learning\project_code\food images\trial16.nvm.cmvs\01\\" 1 2 0.700000 7 3 12
1 cluster is generated for pmvs reconstruction.
pmvs2 "D:\Deep Learning\project_code\food images\trial16.nvm.cmvs\01\\" option-0000
This may take a little more time, waiting...
10 seconds were used by PMVS
Loading option-0000.ply, 16351 vertices ...
Loading patches and estimating point sizes..

#############################
You can manually remove bad MVS points:
1. Switch to dense MVS points mode;
2. Hit F1 key to enter the selection mode;
3. Select points by dragging a rectangle;
4. Hit DELETE to delete the selected points.

#############################
Save to trial16.nvm ... done
Save D:\Deep Learning\project_code\food images\trial16.1.ply ...done
----------------------------------------------------------------
Run dense reconstruction, finished
Totally 11.000 seconds used


Run dense reconstruction, begin...

#############################
Undistorting 27 images in model #1
param_undistortion_thread_num = 0
NOTE: using 12 threads...
#00: 14 .. Copy -> 00000000.jpg, 0.307 sec
#07: 12 -> 00000006.jpg, 0.309 sec
#02: 16 - Copy -> 00000004.jpg, 0.319 sec
#10: 6 -> 00000009.jpg, 0.319 sec
#04: 8 -> 00000012.jpg, 0.328 sec
#06: 10 -> 00000015.jpg, 0.332 sec
#08: 12 - Copy -> 00000007.jpg, 0.333 sec
#03: 6 - Copy -> 00000011.jpg, 0.333 sec
#04: 20 -> 00000021.jpg, 0.001 sec
#11: 6 -.. Copy -> 00000010.jpg, 0.336 sec
#08: 20 .. Copy -> 00000023.jpg, 0.006 sec
#05: 8 -.. Copy -> 00000013.jpg, 0.349 sec
#01: 14 - Copy -> 00000002.jpg, 0.351 sec
#04: 20 - Copy -> 00000022.jpg, 0.001 sec
#03: 18 .. Copy -> 00000025.jpg, 0.006 sec
#09: 12 .. Copy -> 00000008.jpg, 0.357 sec
#08: 18 -> 00000024.jpg, 0.001 sec
#03: 18 - Copy -> 00000026.jpg, 0.002 sec
#00: 16 -> 00000001.jpg, 0.315 sec
#07: 10 - Copy -> 00000017.jpg, 0.317 sec
#02: 16 .. Copy -> 00000005.jpg, 0.311 sec
#10: 4 -.. Copy -> 00000019.jpg, 0.314 sec
#06: 10 .. Copy -> 00000016.jpg, 0.309 sec
#05: 8 - Copy -> 00000014.jpg, 0.308 sec
#01: 14 -> 00000003.jpg, 0.305 sec
#07: 4 -> 00000018.jpg, 0.216 sec
#10: 4 - Copy -> 00000020.jpg, 0.215 sec
----------------------------------------------------------------
Running Yasutaka Furukawa's CMVS tool...
cmvs "D:\Deep Learning\project_code\food images\trial17.nvm.cmvs\01\\" 50 12
genOption "D:\Deep Learning\project_code\food images\trial17.nvm.cmvs\01\\" 1 2 0.700000 7 3 12
1 cluster is generated for pmvs reconstruction.
pmvs2 "D:\Deep Learning\project_code\food images\trial17.nvm.cmvs\01\\" option-0000
This may take a little more time, waiting...
9 seconds were used by PMVS
Loading option-0000.ply, 15766 vertices ...
Loading patches and estimating point sizes..

#############################
You can manually remove bad MVS points:
1. Switch to dense MVS points mode;
2. Hit F1 key to enter the selection mode;
3. Select points by dragging a rectangle;
4. Hit DELETE to delete the selected points.

#############################
Save to trial17.nvm ... done
Save D:\Deep Learning\project_code\food images\trial17.1.ply ...done
----------------------------------------------------------------
Run dense reconstruction, finished
Totally 12.000 seconds used

