0: WhatsApp-Image-2020-04-06-at-12.52.49-PM-_2_
image_size:	900x1600
#sift count:	3004

1: WhatsApp-Image-2020-04-06-at-12.52.49-PM
image_size:	900x1600
#sift count:	6301

2: WhatsApp Image 2020-04-06 at 12.52.49 PM
image_size:	900x1600
#sift count:	6452

3: WhatsApp Image 2020-04-06 at 12.52.49 PM (2)
image_size:	900x1600
#sift count:	3199

4: WhatsApp Image 2020-04-06 at 12.52.49 PM (1)
image_size:	900x1600
#sift count:	4923

5: WhatsApp Image 2020-04-06 at 12.52.48 PM
image_size:	900x1600
#sift count:	4043

6: WhatsApp Image 2020-04-06 at 12.52.48 PM (1)
image_size:	900x1600
#sift count:	4550

Loading image pixel data ...done in 0s

Compute Missing Pairwise Matching, begin...
0 pairs to compute match
----------------------------------------------------------------
Compute Missing Pairwise Matching, finished
Totally 0.000 seconds used


Run full 3D reconstruction, begin...
1 pairs have two-view models
18 pairs have fundamental matrices
Failed to find two images for initialization
----------------------------------------------------------------
Run full 3D reconstruction, finished
Totally 0.000 seconds used


Run full 3D reconstruction, begin...
1 pairs have two-view models
18 pairs have fundamental matrices
Failed to find two images for initialization
----------------------------------------------------------------
Run full 3D reconstruction, finished
Totally 0.000 seconds used

