0: 4 - Copy - Copy
image_size:	887x1220
1: 6 - Copy - Copy
image_size:	887x1200
2: 8 - Copy - Copy
image_size:	879x1220
3: 10 - Copy - Copy
image_size:	867x1203
4: 12 - Copy - Copy
image_size:	883x1175
5: 14 - Copy - Copy
image_size:	823x1147
6: 16 - Copy - Copy
image_size:	800x1233
7: 16 - Copy
image_size:	762x1242
8: 16
image_size:	800x1252
9: 18 - Copy - Copy
image_size:	809x1217
10: 20 - Copy - Copy
image_size:	802x1232
11: 20 - Copy
image_size:	768x1222
12: 20
image_size:	759x1236
13: 22 - Copy - Copy
image_size:	885x1160
14: 22 - Copy
image_size:	885x1138
15: 22
image_size:	805x1200
16: 24 - Copy - Copy
image_size:	885x1136
17: 26 - Copy - Copy
image_size:	883x1108
18: 26 - Copy
image_size:	885x1121
19: 26
image_size:	885x1128
20: 27 - Copy - Copy
image_size:	885x1158
21: 27 - Copy (2)
image_size:	887x1195
22: 27 - Copy
image_size:	887x1176
Loading image pixel data ...done in 1s

Compute Missing Pairwise Matching, begin...
********* WARNING ***********
More than 406MB of graphic memory may be allocated
under the default settings. If the program halts here,
adjust parameters to save memory and rerun the task: 
    [Tools->Enable GPU->Set Maximum DIM]
Note some octaves may be automatically skipped
SIFT: 0000, 887x1220, 	3644, 3.22sec
SIFT: 0001, 887x1200, 	4425, 0.29sec
SIFT: 0002, 879x1220, 	4877, 0.33sec
SIFT: 0003, 867x1203, 	4608, 0.29sec
SIFT: 0004, 883x1175, 	4412, 0.30sec
SIFT: 0005, 823x1147, 	4167, 0.29sec
SIFT: 0006, 800x1233, 	1728, 0.40sec
SIFT: 0007, 762x1242, 	1726, 0.35sec
SIFT: 0008, 800x1252, 	1796, 3.43sec
SIFT: 0009, 809x1217, 	1613, 0.26sec
SIFT: 0010, 802x1232, 	1819, 0.27sec
SIFT: 0011, 768x1222, 	1859, 0.27sec
SIFT: 0012, 759x1236, 	1850, 0.26sec
SIFT: 0013, 885x1160, 	4156, 0.31sec
SIFT: 0014, 885x1138, 	4156, 0.32sec
SIFT: 0015, 805x1200, 	3974, 0.31sec
SIFT: 0016, 885x1136, 	4303, 0.31sec
SIFT: 0017, 883x1108, 	4465, 0.55sec
SIFT: 0018, 885x1121, 	4742, 0.32sec
SIFT: 0019, 885x1128, 	4742, 0.31sec
SIFT: 0020, 885x1158, 	3352, 0.34sec
SIFT: 0021, 887x1195, 	3378, 0.33sec
SIFT: 0022, 887x1176, 	3378, 0.31sec

###########-------timing------#########
23 Feature Detection finished, 14 sec used
#############################

253 pairs to compute match
NOTE: using 3 matching workers
0001 and 0002: 1714 matches, 0.10sec, #2
0001 and 0002: [1680/1714], H[1627], 0.01sec
0000 and 0002: 1497 matches, 0.13sec, #1
0000 and 0002: [1466/1497], H[1440], 0.01sec
0003 and 0005: 1343 matches, 0.11sec, #1
0003 and 0005: [1310/1343], H[661], 0.03sec
0000 and 0003: 1367 matches, 0.21sec, #2
0000 and 0003: [1338/1367], H[1283], 0.01sec
0000 and 0001: 1592 matches, 0.63sec, #0
0000 and 0001: [1549/1592], H[1463], 0.01sec
0004 and 0005: 1520 matches, 0.11sec, #1
0004 and 0005: [1497/1520], H[1446], 0.01sec
0001 and 0003: 1644 matches, 0.11sec, #2
0000 and 0006: 445 matches, 0.05sec, #1
0001 and 0003: [1621/1644], H[1544], 0.00sec
0000 and 0006: [402/445], H[137], 0.00sec
0002 and 0007: 427 matches, 0.18sec, #0
0002 and 0007: [361/427], H[91], 0.00sec
0001 and 0006: 493 matches, 0.12sec, #1
0001 and 0006: [423/493], H[146], 0.00sec
0002 and 0003: 1764 matches, 0.16sec, #2
0002 and 0003: [1727/1764], H[1697], 0.01sec
0002 and 0006: 426 matches, 0.12sec, #1
0002 and 0006: [377/426], H[148], 0.00sec
0000 and 0004: 1104 matches, 0.09sec, #2
0003 and 0007: 464 matches, 0.22sec, #0
0003 and 0007: [407/464], H[68], 0.00sec
0000 and 0004: [1074/1104], H[549], 0.01sec
0003 and 0006: 466 matches, 0.10sec, #1
0003 and 0006: [418/466], H[136], 0.00sec
0001 and 0004: 1367 matches, 0.08sec, #2
0001 and 0004: [1329/1367], H[1017], 0.01sec
0004 and 0006: 492 matches, 0.06sec, #1
0004 and 0006: [450/492], H[207], 0.00sec
0004 and 0007: 491 matches, 0.17sec, #0
0004 and 0007: [433/491], H[164], 0.01sec
0002 and 0004: 1306 matches, 0.14sec, #2
0005 and 0006: 530 matches, 0.10sec, #1
0005 and 0006: [458/530], H[155], 0.02sec
0002 and 0004: [1283/1306], H[803], 0.03sec
0005 and 0007: 528 matches, 0.19sec, #0
0005 and 0007: [413/528], H[166], 0.00sec
0003 and 0004: 1302 matches, 0.14sec, #2
0000 and 0007: 443 matches, 0.13sec, #1
0000 and 0007: [397/443], H[107], 0.00sec
0003 and 0004: [1266/1302], H[813], 0.01sec
0006 and 0007: 1719 matches, 0.09sec, #0
0006 and 0007: [1719/1719], H[1718], 0.01sec
0000 and 0005: 1201 matches, 0.14sec, #2
0000 and 0005: [1173/1201], H[521], 0.01sec
0000 and 0008: 451 matches, 0.13sec, #0
0000 and 0008: [405/451], H[82], 0.01sec
0001 and 0007: 492 matches, 0.26sec, #1
0001 and 0007: [432/492], H[104], 0.01sec
0005 and 0008: 522 matches, 0.06sec, #1
0005 and 0008: [421/522], H[172], 0.01sec
0001 and 0005: 1428 matches, 0.17sec, #2
0001 and 0008: 476 matches, 0.12sec, #0
0001 and 0005: [1389/1428], H[1099], 0.01sec
0001 and 0008: [428/476], H[112], 0.01sec
0006 and 0008: 1490 matches, 0.11sec, #1
0006 and 0008: [1488/1490], H[1212], 0.01sec
0002 and 0005: 1362 matches, 0.21sec, #2
0002 and 0005: [1326/1362], H[881], 0.02sec
0002 and 0008: 435 matches, 0.18sec, #0
0002 and 0008: [374/435], H[100], 0.00sec
0007 and 0008: 1486 matches, 0.10sec, #1
0007 and 0008: [1485/1486], H[1483], 0.01sec
0007 and 0009: 806 matches, 0.09sec, #2
0007 and 0009: [780/806], H[759], 0.01sec
0003 and 0008: 448 matches, 0.10sec, #0
0003 and 0008: [404/448], H[139], 0.00sec
0000 and 0009: 352 matches, 0.08sec, #1
0000 and 0009: [305/352], H[48], 0.00sec
0008 and 0009: 818 matches, 0.04sec, #2
0008 and 0009: [805/818], H[720], 0.01sec
0004 and 0008: 490 matches, 0.14sec, #0
0004 and 0008: [412/490], H[208], 0.00sec
0000 and 0010: 471 matches, 0.07sec, #2
0001 and 0009: 361 matches, 0.12sec, #1
0000 and 0010: [419/471], H[117], 0.01sec
0001 and 0009: [320/361], H[80], 0.00sec
0008 and 0010: 923 matches, 0.11sec, #0
0008 and 0010: [909/923], H[823], 0.01sec
0002 and 0009: 320 matches, 0.11sec, #1
0001 and 0010: 468 matches, 0.08sec, #2
0002 and 0009: [281/320], H[64], 0.00sec
0001 and 0010: [401/468], H[103], 0.00sec
0009 and 0010: 856 matches, 0.10sec, #0
0009 and 0010: [847/856], H[841], 0.01sec
0003 and 0009: 339 matches, 0.08sec, #1
0003 and 0009: [267/339], H[67], 0.00sec
0002 and 0010: 383 matches, 0.05sec, #2
0004 and 0009: 357 matches, 0.04sec, #1
0002 and 0010: [316/383], H[103], 0.00sec
0004 and 0009: [305/357], H[72], 0.00sec
0000 and 0011: 445 matches, 0.08sec, #0
0000 and 0011: [389/445], H[86], 0.00sec
0005 and 0009: 382 matches, 0.07sec, #1
0005 and 0009: [300/382], H[80], 0.00sec
0003 and 0010: 415 matches, 0.10sec, #2
0003 and 0010: [374/415], H[124], 0.00sec
0006 and 0009: 811 matches, 0.08sec, #1
0001 and 0011: 471 matches, 0.14sec, #0
0006 and 0009: [796/811], H[665], 0.01sec
0001 and 0011: [382/471], H[99], 0.01sec
0004 and 0010: 446 matches, 0.09sec, #2
0004 and 0010: [397/446], H[131], 0.00sec
0008 and 0011: 938 matches, 0.06sec, #1
0005 and 0010: 479 matches, 0.06sec, #2
0008 and 0011: [922/938], H[640], 0.01sec
0005 and 0010: [413/479], H[126], 0.01sec
0002 and 0011: 388 matches, 0.14sec, #0
0002 and 0011: [351/388], H[64], 0.01sec
0006 and 0010: 893 matches, 0.04sec, #2
0006 and 0010: [886/893], H[709], 0.01sec
0009 and 0011: 846 matches, 0.08sec, #1
0009 and 0011: [837/846], H[822], 0.01sec
0003 and 0011: 414 matches, 0.14sec, #0
0003 and 0011: [365/414], H[128], 0.00sec
0010 and 0011: 1554 matches, 0.05sec, #1
0010 and 0011: [1549/1554], H[1546], 0.01sec
0007 and 0010: 890 matches, 0.12sec, #2
0007 and 0010: [884/890], H[779], 0.02sec
0000 and 0012: 454 matches, 0.05sec, #1
0000 and 0012: [403/454], H[103], 0.01sec
0004 and 0011: 444 matches, 0.25sec, #0
0004 and 0011: [371/444], H[111], 0.00sec
0001 and 0012: 460 matches, 0.11sec, #1
0001 and 0012: [423/460], H[80], 0.01sec
0007 and 0012: 886 matches, 0.18sec, #2
0007 and 0012: [875/886], H[854], 0.01sec
0005 and 0011: 492 matches, 0.16sec, #0
0005 and 0011: [393/492], H[136], 0.01sec
0002 and 0012: 386 matches, 0.05sec, #1
0002 and 0012: [340/386], H[79], 0.00sec
0008 and 0012: 923 matches, 0.10sec, #2
0008 and 0012: [908/923], H[671], 0.01sec
0006 and 0011: 902 matches, 0.12sec, #0
0006 and 0011: [888/902], H[775], 0.01sec
0003 and 0012: 416 matches, 0.12sec, #1
0003 and 0012: [379/416], H[74], 0.01sec
0009 and 0012: 837 matches, 0.06sec, #2
0009 and 0012: [825/837], H[798], 0.01sec
0004 and 0012: 436 matches, 0.08sec, #1
0004 and 0012: [351/436], H[128], 0.01sec
0007 and 0011: 901 matches, 0.15sec, #0
0010 and 0012: 1553 matches, 0.06sec, #2
0007 and 0011: [888/901], H[712], 0.01sec
0010 and 0012: [1552/1553], H[1549], 0.01sec
0005 and 0012: 483 matches, 0.09sec, #1
0011 and 0012: 1580 matches, 0.03sec, #2
0005 and 0012: [381/483], H[134], 0.01sec
0011 and 0012: [1577/1580], H[1573], 0.02sec
0005 and 0013: 64 matches, 0.31sec, #0
0005 and 0013: [26/64], H[9], 0.03sec
0006 and 0012: 884 matches, 0.09sec, #1
0006 and 0012: [873/884], H[831], 0.01sec
0000 and 0013: 58 matches, 0.10sec, #2
0000 and 0013: [24/58], H[7], 0.05sec
0002 and 0014: 64 matches, 0.11sec, #1
0006 and 0013: 42 matches, 0.12sec, #0
0001 and 0013: 62 matches, 0.06sec, #2
0002 and 0014: [22/64], H[5], 0.06sec
0006 and 0013: [17/42], H[11], 0.05sec
0001 and 0013: [25/62], H[10], 0.04sec
0003 and 0014: 60 matches, 0.12sec, #1
0002 and 0013: 64 matches, 0.09sec, #2
0003 and 0014: [21/60], H[7], 0.06sec
0007 and 0013: 42 matches, 0.15sec, #0
0002 and 0013: [22/64], H[9], 0.07sec
0007 and 0013: [17/42], H[9], 0.06sec
0003 and 0013: 60 matches, 0.14sec, #2
0004 and 0014: 54 matches, 0.17sec, #1
0004 and 0014: [19/54], H[7], 0.05sec
0003 and 0013: [21/60], H[5], 0.06sec
0008 and 0013: 39 matches, 0.15sec, #0
0008 and 0013: [16/39], H[9], 0.04sec
0005 and 0014: 64 matches, 0.11sec, #1
0005 and 0014: [24/64], H[10], 0.04sec
0006 and 0014: 42 matches, 0.04sec, #1
0004 and 0013: 53 matches, 0.18sec, #2
0009 and 0013: 45 matches, 0.14sec, #0
0009 and 0013: [19/45], H[7], 0.02sec
0006 and 0014: [17/42], H[8], 0.06sec
0004 and 0013: [18/53], H[7], 0.06sec
0007 and 0014: 42 matches, 0.07sec, #1
0010 and 0013: 37 matches, 0.09sec, #0
0010 and 0013: [18/37], H[6], 0.04sec
0012 and 0014: 41 matches, 0.05sec, #2
0007 and 0014: [19/42], H[11], 0.06sec
0012 and 0014: [18/41], H[5], 0.02sec
0008 and 0014: 39 matches, 0.06sec, #1
0011 and 0013: 39 matches, 0.11sec, #0
0011 and 0013: [20/39], H[10], 0.04sec
0008 and 0014: [18/39], H[12], 0.07sec
0013 and 0014: 4146 matches, 0.08sec, #2
0009 and 0014: 45 matches, 0.03sec, #1
0013 and 0014: [4146/4146], H[4146], 0.02sec
0009 and 0014: [19/45], H[9], 0.02sec
0012 and 0013: 41 matches, 0.17sec, #0
0012 and 0013: [19/41], H[8], 0.02sec
0000 and 0015: 57 matches, 0.10sec, #2
0010 and 0014: 37 matches, 0.09sec, #1
0000 and 0015: [22/57], H[5], 0.04sec
0000 and 0014: 58 matches, 0.22sec, #0
0010 and 0014: [18/37], H[9], 0.02sec
0000 and 0014: [23/58], H[9], 0.05sec
0011 and 0014: 39 matches, 0.04sec, #1
0001 and 0015: 65 matches, 0.10sec, #2
0011 and 0014: [20/39], H[6], 0.02sec
0001 and 0014: 62 matches, 0.28sec, #0
0001 and 0015: [27/65], H[7], 0.05sec
0008 and 0015: 41 matches, 0.04sec, #1
0001 and 0014: [26/62], H[8], 0.07sec
0008 and 0015: [18/41], H[9], 0.07sec
0002 and 0015: 63 matches, 0.10sec, #2
0009 and 0015: 49 matches, 0.02sec, #1
0003 and 0016: 58 matches, 0.27sec, #0
0009 and 0015: [21/49], H[13], 0.04sec
0002 and 0015: [21/63], H[9], 0.07sec
0003 and 0016: [21/58], H[7], 0.06sec
0010 and 0015: 40 matches, 0.08sec, #1
0003 and 0015: 61 matches, 0.06sec, #2
0010 and 0015: [18/40], H[9], 0.05sec
0003 and 0015: [19/61], H[7], 0.05sec
0011 and 0015: 41 matches, 0.08sec, #1
0004 and 0016: 62 matches, 0.33sec, #0
0011 and 0015: [19/41], H[5], 0.02sec
0004 and 0015: 52 matches, 0.10sec, #2
0004 and 0016: [27/62], H[12], 0.06sec
0004 and 0015: [18/52], H[7], 0.06sec
0012 and 0015: 43 matches, 0.10sec, #1
0005 and 0015: 66 matches, 0.10sec, #2
0012 and 0015: [18/43], H[7], 0.02sec
0005 and 0015: [27/66], H[5], 0.03sec
0005 and 0016: 68 matches, 0.28sec, #0
0005 and 0016: [27/68], H[11], 0.06sec
0006 and 0015: 44 matches, 0.04sec, #2
0013 and 0015: 3906 matches, 0.09sec, #1
0013 and 0015: [3903/3906], H[3902], 0.02sec
0006 and 0015: [18/44], H[8], 0.05sec
0006 and 0016: 40 matches, 0.17sec, #0
0006 and 0016: [18/40], H[9], 0.04sec
0014 and 0015: 3907 matches, 0.12sec, #1
0014 and 0015: [3904/3907], H[3902], 0.02sec
0007 and 0015: 44 matches, 0.14sec, #2
0007 and 0015: [19/44], H[5], 0.07sec
0007 and 0016: 41 matches, 0.15sec, #0
0000 and 0016: 68 matches, 0.10sec, #1
0007 and 0016: [19/41], H[12], 0.06sec
0000 and 0016: [23/68], H[8], 0.07sec
0013 and 0016: 1420 matches, 0.07sec, #2
0013 and 0016: [1364/1420], H[1277], 0.01sec
0008 and 0016: 43 matches, 0.16sec, #0
0008 and 0016: [20/43], H[11], 0.01sec
0001 and 0016: 56 matches, 0.19sec, #1
0014 and 0016: 1421 matches, 0.18sec, #2
0014 and 0016: [1364/1421], H[1030], 0.01sec
0001 and 0016: [26/56], H[8], 0.02sec
0015 and 0016: 1365 matches, 0.11sec, #2
0015 and 0016: [1315/1365], H[1013], 0.01sec
0009 and 0016: 39 matches, 0.15sec, #0
0009 and 0016: [16/39], H[9], 0.04sec
0002 and 0016: 79 matches, 0.14sec, #1
0000 and 0017: 58 matches, 0.09sec, #2
0002 and 0016: [27/79], H[9], 0.05sec
0000 and 0017: [23/58], H[9], 0.04sec
0007 and 0017: 42 matches, 0.09sec, #1
0010 and 0016: 37 matches, 0.20sec, #0
0007 and 0017: [19/42], H[10], 0.05sec
0001 and 0017: 73 matches, 0.11sec, #2
0010 and 0016: [14/37], H[7], 0.08sec
0001 and 0017: [25/73], H[9], 0.07sec
0008 and 0017: 39 matches, 0.12sec, #1
0002 and 0017: 75 matches, 0.05sec, #2
0011 and 0016: 38 matches, 0.12sec, #0
0002 and 0017: [29/75], H[11], 0.06sec
0008 and 0017: [14/39], H[5], 0.08sec
0011 and 0016: [18/38], H[11], 0.09sec
0003 and 0017: 76 matches, 0.07sec, #2
0003 and 0017: [29/76], H[16], 0.04sec
0009 and 0017: 35 matches, 0.09sec, #1
0012 and 0016: 30 matches, 0.17sec, #0
0009 and 0017: [12/35], H[7], 0.08sec
0004 and 0017: 71 matches, 0.07sec, #2
0004 and 0017: [33/71], H[8], 0.03sec
0012 and 0016: [14/30], H[5], 0.06sec
0010 and 0017: 36 matches, 0.09sec, #1
0005 and 0017: 72 matches, 0.06sec, #2
0010 and 0017: [15/36], H[5], 0.02sec
0005 and 0017: [31/72], H[7], 0.03sec
0011 and 0017: 41 matches, 0.07sec, #1
0000 and 0018: 60 matches, 0.30sec, #0
0006 and 0017: 43 matches, 0.05sec, #2
0011 and 0017: [16/41], H[5], 0.04sec
0000 and 0018: [22/60], H[8], 0.07sec
0006 and 0017: [18/43], H[7], 0.06sec
0012 and 0017: 37 matches, 0.04sec, #1
0010 and 0018: 39 matches, 0.11sec, #2
0012 and 0017: [14/37], H[7], 0.05sec
0010 and 0018: [17/39], H[5], 0.06sec
0001 and 0018: 77 matches, 0.34sec, #0
0011 and 0018: 41 matches, 0.09sec, #2
0001 and 0018: [30/77], H[13], 0.03sec
0013 and 0017: 1215 matches, 0.12sec, #1
0013 and 0017: [1157/1215], H[971], 0.01sec
0011 and 0018: [16/41], H[9], 0.04sec
0002 and 0018: 73 matches, 0.33sec, #0
0012 and 0018: 32 matches, 0.07sec, #2
0002 and 0018: [30/73], H[12], 0.03sec
0012 and 0018: [13/32], H[5], 0.05sec
0013 and 0018: 1225 matches, 0.16sec, #2
0014 and 0017: 1216 matches, 0.32sec, #1
0013 and 0018: [1161/1225], H[918], 0.01sec
0014 and 0017: [1153/1216], H[766], 0.01sec
0003 and 0018: 62 matches, 0.55sec, #0
0003 and 0018: [28/62], H[15], 0.02sec
0014 and 0018: 1226 matches, 0.53sec, #2
0015 and 0017: 1177 matches, 0.50sec, #1
0014 and 0018: [1151/1226], H[869], 0.01sec
0015 and 0017: [1122/1177], H[870], 0.01sec
0015 and 0018: 1191 matches, 0.12sec, #2
0015 and 0018: [1120/1191], H[653], 0.01sec
0016 and 0017: 1565 matches, 0.16sec, #1
0016 and 0017: [1507/1565], H[1314], 0.01sec
0004 and 0018: 71 matches, 0.34sec, #0
0004 and 0018: [30/71], H[11], 0.08sec
0002 and 0019: 73 matches, 0.12sec, #1
0002 and 0019: [30/73], H[10], 0.02sec
0016 and 0018: 1551 matches, 0.17sec, #2
0016 and 0018: [1488/1551], H[1123], 0.01sec
0005 and 0018: 85 matches, 0.31sec, #0
0005 and 0018: [26/85], H[12], 0.07sec
0003 and 0019: 62 matches, 0.14sec, #1
0003 and 0019: [29/62], H[17], 0.02sec
0017 and 0018: 3624 matches, 0.15sec, #2
0017 and 0018: [3616/3624], H[3611], 0.02sec
0004 and 0019: 70 matches, 0.13sec, #1
0006 and 0018: 53 matches, 0.17sec, #0
0000 and 0019: 60 matches, 0.09sec, #2
0004 and 0019: [31/70], H[11], 0.06sec
0006 and 0018: [16/53], H[7], 0.07sec
0000 and 0019: [21/60], H[11], 0.07sec
0005 and 0019: 85 matches, 0.11sec, #1
0001 and 0019: 77 matches, 0.06sec, #2
0005 and 0019: [27/85], H[11], 0.07sec
0007 and 0018: 51 matches, 0.15sec, #0
0001 and 0019: [30/77], H[12], 0.07sec
0006 and 0019: 53 matches, 0.06sec, #1
0007 and 0018: [15/51], H[5], 0.08sec
0012 and 0019: 32 matches, 0.05sec, #2
0006 and 0019: [16/53], H[5], 0.06sec
0012 and 0019: [13/32], H[5], 0.06sec
0007 and 0019: 51 matches, 0.11sec, #1
0008 and 0018: 41 matches, 0.18sec, #0
0007 and 0019: [16/51], H[11], 0.08sec
0013 and 0019: 1225 matches, 0.11sec, #2
0013 and 0019: [1163/1225], H[892], 0.01sec
0008 and 0018: [17/41], H[5], 0.06sec
0008 and 0019: 41 matches, 0.09sec, #1
0009 and 0018: 40 matches, 0.08sec, #0
0008 and 0019: [15/41], H[5], 0.06sec
0014 and 0019: 1226 matches, 0.12sec, #2
0014 and 0019: [1163/1226], H[986], 0.01sec
0009 and 0018: [11/40], H[6], 0.06sec
0009 and 0019: 40 matches, 0.08sec, #1
0015 and 0019: 1191 matches, 0.10sec, #2
0009 and 0019: [13/40], H[7], 0.05sec
0003 and 0020: 60 matches, 0.20sec, #0
0015 and 0019: [1076/1191], H[874], 0.02sec
0003 and 0020: [32/60], H[11], 0.02sec
0010 and 0019: 39 matches, 0.11sec, #1
0016 and 0019: 1551 matches, 0.14sec, #2
0016 and 0019: [1492/1551], H[1131], 0.01sec
0010 and 0019: [16/39], H[4], 0.06sec
0004 and 0020: 62 matches, 0.27sec, #0
0004 and 0020: [27/62], H[8], 0.02sec
0017 and 0019: 3624 matches, 0.15sec, #2
0011 and 0019: 41 matches, 0.15sec, #1
0017 and 0019: [3616/3624], H[2706], 0.04sec
0011 and 0019: [15/41], H[6], 0.06sec
0005 and 0020: 59 matches, 0.26sec, #0
0005 and 0020: [30/59], H[14], 0.01sec
0018 and 0019: 4739 matches, 0.15sec, #2
0013 and 0020: 1110 matches, 0.10sec, #1
0013 and 0020: [1072/1110], H[623], 0.01sec
0018 and 0019: [4739/4739], H[4739], 0.04sec
0006 and 0020: 46 matches, 0.15sec, #0
0006 and 0020: [24/46], H[18], 0.01sec
0000 and 0020: 64 matches, 0.10sec, #2
0014 and 0020: 1111 matches, 0.09sec, #1
0000 and 0020: [28/64], H[9], 0.02sec
0014 and 0020: [1062/1111], H[607], 0.01sec
0001 and 0020: 68 matches, 0.11sec, #2
0007 and 0020: 44 matches, 0.23sec, #0
0015 and 0020: 1073 matches, 0.12sec, #1
0007 and 0020: [24/44], H[14], 0.01sec
0015 and 0020: [1040/1073], H[733], 0.01sec
0001 and 0020: [28/68], H[5], 0.08sec
0016 and 0020: 1332 matches, 0.11sec, #1
0016 and 0020: [1275/1332], H[1096], 0.01sec
0008 and 0020: 49 matches, 0.15sec, #0
0008 and 0020: [21/49], H[6], 0.02sec
0002 and 0020: 67 matches, 0.11sec, #2
0002 and 0020: [25/67], H[10], 0.05sec
0009 and 0020: 47 matches, 0.08sec, #0
0009 and 0020: [23/47], H[8], 0.02sec
0003 and 0021: 61 matches, 0.06sec, #2
0017 and 0020: 1261 matches, 0.14sec, #1
0003 and 0021: [30/61], H[12], 0.01sec
0017 and 0020: [1214/1261], H[964], 0.01sec
0010 and 0020: 50 matches, 0.11sec, #0
0004 and 0021: 56 matches, 0.11sec, #2
0010 and 0020: [22/50], H[6], 0.03sec
0004 and 0021: [28/56], H[8], 0.03sec
0018 and 0020: 1266 matches, 0.16sec, #1
0018 and 0020: [1212/1266], H[745], 0.01sec
0005 and 0021: 59 matches, 0.08sec, #2
0005 and 0021: [28/59], H[10], 0.01sec
0011 and 0020: 47 matches, 0.12sec, #0
0011 and 0020: [22/47], H[7], 0.02sec
0019 and 0020: 1266 matches, 0.11sec, #1
0019 and 0020: [1129/1266], H[1039], 0.01sec
0006 and 0021: 52 matches, 0.07sec, #2
0006 and 0021: [30/52], H[11], 0.01sec
0000 and 0021: 65 matches, 0.09sec, #1
0012 and 0020: 39 matches, 0.14sec, #0
0012 and 0020: [19/39], H[7], 0.01sec
0000 and 0021: [23/65], H[8], 0.05sec
0007 and 0021: 51 matches, 0.12sec, #2
0001 and 0021: 60 matches, 0.10sec, #1
0007 and 0021: [29/51], H[10], 0.02sec
0001 and 0021: [28/60], H[9], 0.03sec
0013 and 0021: 1117 matches, 0.23sec, #0
0013 and 0021: [1079/1117], H[685], 0.01sec
0002 and 0021: 63 matches, 0.11sec, #1
0008 and 0021: 52 matches, 0.18sec, #2
0002 and 0021: [23/63], H[9], 0.06sec
0008 and 0021: [27/52], H[12], 0.02sec
0014 and 0021: 1118 matches, 0.22sec, #0
0014 and 0021: [1075/1118], H[510], 0.01sec
0002 and 0022: 63 matches, 0.07sec, #1
0002 and 0022: [25/63], H[11], 0.03sec
0009 and 0021: 46 matches, 0.07sec, #2
0015 and 0021: 1084 matches, 0.19sec, #0
0015 and 0021: [1041/1084], H[508], 0.01sec
0009 and 0021: [23/46], H[11], 0.03sec
0003 and 0022: 61 matches, 0.09sec, #1
0010 and 0021: 43 matches, 0.07sec, #2
0003 and 0022: [31/61], H[13], 0.02sec
0010 and 0021: [25/43], H[9], 0.02sec
0004 and 0022: 56 matches, 0.07sec, #1
0004 and 0022: [30/56], H[11], 0.03sec
0016 and 0021: 1324 matches, 0.22sec, #0
0016 and 0021: [1280/1324], H[815], 0.01sec
0011 and 0021: 44 matches, 0.08sec, #2
0011 and 0021: [26/44], H[9], 0.03sec
0005 and 0022: 59 matches, 0.10sec, #1
0012 and 0021: 35 matches, 0.10sec, #2
0012 and 0021: [19/35], H[7], 0.01sec
0005 and 0022: [28/59], H[13], 0.02sec
0017 and 0021: 1303 matches, 0.25sec, #0
0017 and 0021: [1249/1303], H[994], 0.01sec
0012 and 0022: 35 matches, 0.09sec, #2
0012 and 0022: [21/35], H[8], 0.01sec
0006 and 0022: 52 matches, 0.12sec, #1
0006 and 0022: [28/52], H[11], 0.01sec
0018 and 0021: 1286 matches, 0.28sec, #0
0007 and 0022: 51 matches, 0.03sec, #1
0018 and 0021: [1185/1286], H[1003], 0.01sec
0007 and 0022: [26/51], H[6], 0.01sec
0013 and 0022: 1117 matches, 0.10sec, #2
0013 and 0022: [1037/1117], H[788], 0.01sec
0008 and 0022: 52 matches, 0.07sec, #1
0008 and 0022: [27/52], H[11], 0.02sec
0019 and 0021: 1286 matches, 0.24sec, #0
0019 and 0021: [1239/1286], H[975], 0.01sec
0014 and 0022: 1118 matches, 0.09sec, #2
0014 and 0022: [1060/1118], H[506], 0.01sec
0009 and 0022: 46 matches, 0.13sec, #1
0009 and 0022: [24/46], H[11], 0.01sec
0020 and 0021: 2662 matches, 0.19sec, #0
0020 and 0021: [2656/2662], H[2653], 0.01sec
0015 and 0022: 1084 matches, 0.11sec, #2
0015 and 0022: [1045/1084], H[579], 0.01sec
0010 and 0022: 43 matches, 0.13sec, #1
0010 and 0022: [22/43], H[5], 0.04sec
0016 and 0022: 1324 matches, 0.14sec, #2
0011 and 0022: 44 matches, 0.09sec, #1
0016 and 0022: [1268/1324], H[1104], 0.02sec
0011 and 0022: [23/44], H[9], 0.02sec
0000 and 0022: 65 matches, 0.23sec, #0
0000 and 0022: [22/65], H[10], 0.07sec
0017 and 0022: 1303 matches, 0.07sec, #2
0017 and 0022: [1225/1303], H[937], 0.01sec
0020 and 0022: 2662 matches, 0.13sec, #1
0018 and 0022: 1286 matches, 0.12sec, #2
0018 and 0022: [1234/1286], H[964], 0.01sec
0020 and 0022: [2658/2662], H[2654], 0.02sec
0001 and 0022: 60 matches, 0.24sec, #0
0001 and 0022: [30/60], H[9], 0.03sec
0019 and 0022: 1286 matches, 0.12sec, #2
0019 and 0022: [1232/1286], H[832], 0.01sec
0021 and 0022: 3371 matches, 0.21sec, #1
0021 and 0022: [3371/3371], H[3370], 0.02sec

###########-------timing------#########
253 Image Match finished, 19 sec used
#############################

----------------------------------------------------------------
Compute Missing Pairwise Matching, finished
Totally 33.000 seconds used


Run full 3D reconstruction, begin...
215 pairs have two-view models
253 pairs have fundamental matrices
Initialize with 14 .. Copy and 20 - Copy
393 3D points initialized from two images
PBA library version = 105
PBA: 393 3D pts, 2 cams and 786 projs...
PBA: 0.229 -> 0.210 (3 LMs in 0.25sec)
Focal Length : [1376.400]->[1376.212]
Focal Length : [1466.400]->[1466.627]

#############################
#3: [20] sees 654 (+1232) 3D points
Estimated Focal Length [1353][1.09N]
# 638 projs (98 pts and 0 merges)
PBA: 490 3D pts, 3 cams and 1422 projs...
PBA: 0.650 -> 0.248 (31 LMs in 0.50sec)

**************************************
#3/3:  638 projs and 98 pts added.
PBA: 490 3D pts, 3 cams and 1422 projs...
PBA: 0.248 -> 0.245 (1 LMs in 0.01sec)
PBA: 490 3D pts, 3 cams and 1422 projs...
PBA: 0.245 -> 0.242 (1 LMs in 0.00sec)
Focal Length : [1353.318]->[1356.022]
Radial Distortion : [-0.082 -> -11]

#############################
#4: [20 .. Copy] sees 1239 (+1224) 3D points
Estimated Focal Length [1423][1.16N]
# 597 projs (48 pts and 0 merges)
PBA: 537 3D pts, 4 cams and 2017 projs...
PBA: 0.389 -> 0.247 (3 LMs in 0.02sec)
Focal Length : [1423.451]->[1389.182]
Radial Distortion : [-0.067 -> -9]

#############################
#5: [16] sees 1408 (+716) 3D points
Estimated Focal Length [1435][1.15N]
# 783 projs (121 pts and 0 merges)
PBA: 656 3D pts, 5 cams and 2796 projs...
PBA: 0.512 -> 0.254 (41 LMs in 0.47sec)

**************************************
#5/5:  790 projs and 121 pts added.
PBA: 656 3D pts, 5 cams and 2803 projs...
PBA: 0.256 -> 0.255 (19 LMs in 0.06sec)
PBA: 656 3D pts, 5 cams and 2803 projs...
PBA: 0.255 -> 0.254 (17 LMs in 0.07sec)
Focal Length : [1435.387]->[1373.335]
Radial Distortion : [-0.041 -> -6]

#############################
#6: [16 .. Copy] sees 2077 (+1068) 3D points
Estimated Focal Length [1391][1.13N]
# 726 projs (56 pts and 0 merges)
PBA: 711 3D pts, 6 cams and 3527 projs...
PBA: 0.321 -> 0.249 (6 LMs in 0.08sec)
Focal Length : [1390.741]->[1354.061]
Radial Distortion : [-0.110 -> -15]

#############################
#7: [16 - Copy] sees 2740 (+1164) 3D points
Estimated Focal Length [1562][1.26N]
# 622 projs (11 pts and 0 merges)
PBA: 722 3D pts, 7 cams and 4149 projs...
PBA: 0.539 -> 0.269 (27 LMs in 0.11sec)

**************************************
#7/7:  624 projs and 11 pts added.
PBA: 722 3D pts, 7 cams and 4151 projs...
PBA: 0.266 -> 0.266 (14 LMs in 0.08sec)
PBA: 722 3D pts, 7 cams and 4151 projs...
PBA: 0.266 -> 0.266 (0 LMs in 0.00sec)
Focal Length : [1561.846]->[1392.397]
Radial Distortion : [-0.062 -> -8]

#############################
#8: [12 .. Copy] sees 2354 (+1152) 3D points
Estimated Focal Length [1289][1.10N]
# 1316 projs (201 pts and 0 merges)
PBA: 923 3D pts, 8 cams and 5467 projs...
PBA: 0.438 -> 0.291 (26 LMs in 0.21sec)
Focal Length : [1289.161]->[1391.670]
Radial Distortion : [0.021 -> 2]

#############################
#9: [6 -.. Copy] sees 3050 (+1354) 3D points
Estimated Focal Length [1265][1.05N]
# 2216 projs (566 pts and 30 merges)
PBA: 1457 3D pts, 9 cams and 7679 projs...
PBA: 0.444 -> 0.307 (84 LMs in 0.88sec)
#points w/ large errors:	1

**************************************
#9/9:  2572 projs and 653 pts added.
PBA: 1542 3D pts, 9 cams and 8033 projs...
PBA: 0.313 -> 0.311 (15 LMs in 0.06sec)
PBA: 1542 3D pts, 9 cams and 8033 projs...
PBA: 0.311 -> 0.311 (13 LMs in 0.10sec)
Focal Length : [1264.852]->[1227.452]
Radial Distortion : [0.022 -> 3]

#############################
#10: [8 -.. Copy] sees 4152 (+1428) 3D points
Estimated Focal Length [1260][1.03N]
# 2681 projs (603 pts and 40 merges)
PBA: 2096 3D pts, 10 cams and 10696 projs...
PBA: 0.716 -> 0.325 (72 LMs in 0.27sec)
#points w/ large errors:	1
Focal Length : [1259.777]->[1259.285]
Radial Distortion : [0.019 -> 2]

#############################
#11: [10 .. Copy] sees 5886 (+1360) 3D points
Estimated Focal Length [1222][1.02N]
# 2178 projs (274 pts and 39 merges)
PBA: 2326 3D pts, 11 cams and 12862 projs...
PBA: 0.379 -> 0.311 (30 LMs in 0.17sec)
#points w/ large errors:	2
Focal Length : [1221.660]->[1221.421]
Radial Distortion : [-0.000 -> -1]

#############################
#12: [4 -.. Copy] sees 6608 (+1149) 3D points
Estimated Focal Length [1157][0.95N]
# 2187 projs (275 pts and 48 merges)
PBA: 2545 3D pts, 12 cams and 15025 projs...
PBA: 0.508 -> 0.344 (23 LMs in 0.33sec)

**************************************
#12/12:  2355 projs and 295 pts added.
PBA: 2563 3D pts, 12 cams and 15193 projs...
PBA: 0.330 -> 0.328 (19 LMs in 0.06sec)
PBA: 2563 3D pts, 12 cams and 15193 projs...
PBA: 0.328 -> 0.328 (11 LMs in 0.03sec)
Focal Length : [1157.360]->[1201.331]
Radial Distortion : [0.005 -> 0]

#############################
#13: [18 .. Copy] sees 4739 (+551) 3D points
Estimated Focal Length [1171][0.96N]
# 1302 projs (164 pts and 6 merges)
PBA: 2718 3D pts, 13 cams and 16489 projs...
PBA: 0.407 -> 0.407 (0 LMs in 0.00sec)
#points w/ large errors:	4
Focal Length : [1170.852]->[1170.852]
Radial Distortion : [0.000 -> 0]

#############################
#14: [27 - Copy] sees 132 (+47) 3D points
Estimated Focal Length [3084][2.62N]
# 41 projs (0 pts and 0 merges)
PBA: 2710 3D pts, 14 cams and 16500 projs...
PBA: 0.387 -> 0.387 (0 LMs in 0.00sec)
#points w/ large errors:	7
Focal Length : [3084.207]->[3084.207]
Radial Distortion : [0.000 -> 0]

#############################
#15: [27 .. Copy] sees 178 (+2603) 3D points
Estimated Focal Length [2739][2.37N]
# 48 projs (0 pts and 0 merges)
PBA: 2701 3D pts, 15 cams and 16496 projs...
PBA: 0.486 -> 0.486 (0 LMs in 0.00sec)
#points w/ large errors:	1
Focal Length : [2738.782]->[2738.782]
Radial Distortion : [0.000 -> 0]

#############################
#16: [27 ..y (2)] sees 214 (+3314) 3D points
Estimated Focal Length [5354][4.48N]
# 43 projs (0 pts and 0 merges)
PBA: 2700 3D pts, 16 cams and 16535 projs...
PBA: 0.469 -> 0.361 (92 LMs in 0.49sec)
#points w/ large errors:	3

**************************************
#16/16:  418 projs and 8 pts added.
PBA: 2705 3D pts, 16 cams and 16897 projs...
PBA: 0.350 -> 0.350 (0 LMs in 0.00sec)
PBA: 2705 3D pts, 16 cams and 16897 projs...
PBA: 0.350 -> 0.350 (0 LMs in 0.00sec)
Focal Length : [5353.698]->[9983.880]
Radial Distortion : [-45.862 -> -98]

#############################
#17: [24 .. Copy] sees 136 (+1425) 3D points
Estimated Focal Length [2154][1.90N]
# 53 projs (0 pts and 0 merges)
PBA: 2701 3D pts, 17 cams and 16942 projs...
PBA: 0.407 -> 0.407 (0 LMs in 0.00sec)
#points w/ large errors:	1
Focal Length : [2153.895]->[2153.895]
Radial Distortion : [0.000 -> 0]

#############################
#18: [26 .. Copy] sees 222 (+1891) 3D points
Estimated Focal Length [548][0.49W]
# 56 projs (0 pts and 0 merges)
PBA: 2698 3D pts, 18 cams and 16990 projs...
PBA: 0.491 -> 0.491 (0 LMs in 0.00sec)
Focal Length : [547.969]->[547.969]
Radial Distortion : [0.000 -> 0]

#############################
#19: [26] sees 246 (+3698) 3D points
Estimated Focal Length [3542][3.14N]
# 52 projs (0 pts and 0 merges)
PBA: 2698 3D pts, 19 cams and 17042 projs...
PBA: 0.564 -> 0.564 (0 LMs in 0.00sec)
#points w/ large errors:	2
Focal Length : [3542.340]->[3542.340]
Radial Distortion : [0.000 -> 0]

#############################
#20: [26 - Copy] sees 307 (+4676) 3D points
Estimated Focal Length [5551][4.95N]
# 53 projs (0 pts and 0 merges)
PBA: 2695 3D pts, 20 cams and 17081 projs...
PBA: 0.610 -> 0.610 (0 LMs in 0.00sec)
Focal Length : [5551.220]->[5551.220]
Radial Distortion : [0.000 -> 0]

#############################
#21: [22 .. Copy] sees 211 (+1869) 3D points
Estimated Focal Length [4074][3.51N]
# 68 projs (0 pts and 0 merges)
SKIP: 0 cams, 17 points, 0 projs
PBA: 2693 3D pts, 20 cams and 17145 projs...
PBA: 0.717 -> 0.717 (0 LMs in 0.00sec)
#points w/ large errors:	9

**************************************
#21/21:  20555 projs and 5942 pts added.
PBA: 8119 3D pts, 21 cams and 36547 projs...
PBA: 167.911 -> 167.911 (0 LMs in 0.01sec)
PBA: 8119 3D pts, 21 cams and 36547 projs...
PBA: 167.911 -> 167.911 (0 LMs in 0.00sec)
Focal Length : [4073.671]->[4073.671]
Radial Distortion : [0.000 -> 0]

#############################
#22: [22 - Copy] sees 8863 (+2969) 3D points
Estimated Focal Length [5358][4.71N]
# 1386 projs (0 pts and 1 merges)
SKIP: 0 cams, 26 points, 48 projs
PBA: 7503 3D pts, 20 cams and 36703 projs...
PBA: 143.231 -> 143.231 (0 LMs in 0.00sec)
#points w/ large errors:	3926
Focal Length : [5357.841]->[5357.841]
Radial Distortion : [0.000 -> 0]

#############################
#23: [22] sees 7820 (+2262) 3D points
Estimated Focal Length [3456][2.88N]
# 5735 projs (1631 pts and 12 merges)
SKIP: 0 cams, 2507 points, 11961 projs
PBA: 5613 3D pts, 20 cams and 31663 projs...
PBA: 42.774 -> 42.774 (0 LMs in 0.00sec)
#points w/ large errors:	71
Focal Length : [3455.755]->[3455.755]
Radial Distortion : [0.000 -> 0]
END: No more images to add [0 projs]

#############################
Failed to find two images for initialization
Resuming SfM finished, 5 sec used

---------------------------------------------------
23 cams, 8120 pts (3+: 4476)
31671 projections (3+: 29139)
---------------------------------------------------
1 model(s) reconstructed from 23 images;
23 modeled; 0 reused; 0 EXIF; 
1MB(1) used to store feature location.
---------------------------------------------------

########-------timing------#########
Structure-From-Motion finished, 8 sec used
4.6(4.6) seconds on Bundle Adjustment (+)
4.3(4.3) seconds on Bundle Adjustment (*)
#############################
----------------------------------------------------------------
Run full 3D reconstruction, finished
Totally 8.000 seconds used


Compute Bundle Adjustment, begin...
PBA: 5516 3D pts, 23 cams and 31219 projs...
PBA: 41.442 -> 41.442 (0 LMs in 0.09sec)
----------------------------------------------------------------
Compute Bundle Adjustment, finished
Totally 1.000 seconds used


Run dense reconstruction, begin...
Save to trial18.nvm ... done

#############################
Undistorting 23 images in model #0
param_undistortion_thread_num = 0
NOTE: using 12 threads...
#04: 24 .. Copy -> 00000016.jpg, 0.099 sec
#04: 26 .. Copy -> 00000017.jpg, 0.003 sec
#04: 26 -> 00000018.jpg, 0.004 sec
#04: 26 - Copy -> 00000019.jpg, 0.004 sec
#04: 22 .. Copy -> 00000020.jpg, 0.003 sec
#04: 22 - Copy -> 00000021.jpg, 0.005 sec
#04: 22 -> 00000022.jpg, 0.007 sec
#02: 16 -> 00000004.jpg, 0.255 sec
#01: 20 -> 00000002.jpg, 0.264 sec
#00: 14 .. Copy -> 00000000.jpg, 0.267 sec
#05: 10 .. Copy -> 00000010.jpg, 0.269 sec
#07: 18 .. Copy -> 00000012.jpg, 0.273 sec
#11: 8 -.. Copy -> 00000009.jpg, 0.284 sec
#10: 6 -.. Copy -> 00000008.jpg, 0.284 sec
#08: 27 - Copy -> 00000013.jpg, 0.296 sec
#06: 12 .. Copy -> 00000007.jpg, 0.299 sec
#09: 27 .. Copy -> 00000014.jpg, 0.329 sec
#03: 16 - Copy -> 00000006.jpg, 0.371 sec
#02: 16 .. Copy -> 00000005.jpg, 0.209 sec
#00: 20 - Copy -> 00000001.jpg, 0.206 sec
#01: 20 .. Copy -> 00000003.jpg, 0.217 sec
#05: 4 -.. Copy -> 00000011.jpg, 0.226 sec
#09: 27 ..y (2) -> 00000015.jpg, 0.229 sec
----------------------------------------------------------------
Running Yasutaka Furukawa's CMVS tool...
cmvs "D:\New folder (3)\trial18.nvm.cmvs\00\\" 50 12
genOption "D:\New folder (3)\trial18.nvm.cmvs\00\\" 1 2 0.700000 7 3 12
1 cluster is generated for pmvs reconstruction.
pmvs2 "D:\New folder (3)\trial18.nvm.cmvs\00\\" option-0000
This may take a little more time, waiting...
19 seconds were used by PMVS
Loading option-0000.ply, 16271 vertices ...
Loading patches and estimating point sizes..
